[0.119s] DEBUG:colcon:Command line arguments: ['/usr/bin/colcon', 'build']
[0.120s] DEBUG:colcon:Parsed command line arguments: Namespace(log_base=None, log_level=None, verb_name='build', build_base='build', install_base='install', merge_install=False, symlink_install=False, test_result_base=None, continue_on_error=False, executor='parallel', parallel_workers=16, event_handlers=None, ignore_user_meta=False, metas=['./colcon.meta'], base_paths=['.'], packages_ignore=None, packages_ignore_regex=None, paths=None, packages_up_to=None, packages_up_to_regex=None, packages_above=None, packages_above_and_dependencies=None, packages_above_depth=None, packages_select_by_dep=None, packages_skip_by_dep=None, packages_skip_up_to=None, packages_select_build_failed=False, packages_skip_build_finished=False, packages_select_test_failures=False, packages_skip_test_passed=False, packages_select=None, packages_skip=None, packages_select_regex=None, packages_skip_regex=None, packages_start=None, packages_end=None, allow_overriding=[], cmake_args=None, cmake_target=None, cmake_target_skip_unavailable=False, cmake_clean_cache=False, cmake_clean_first=False, cmake_force_configure=False, ament_cmake_args=None, catkin_cmake_args=None, catkin_skip_building_tests=False, mixin_files=None, mixin=None, verb_parser=<colcon_mixin.mixin.mixin_argument.MixinArgumentDecorator object at 0x70e69d792480>, verb_extension=<colcon_core.verb.build.BuildVerb object at 0x70e69d8ba9c0>, main=<bound method BuildVerb.main of <colcon_core.verb.build.BuildVerb object at 0x70e69d8ba9c0>>, mixin_verb=('build',))
[0.162s] Level 1:colcon.colcon_core.package_discovery:discover_packages(colcon_meta) check parameters
[0.162s] Level 1:colcon.colcon_core.package_discovery:discover_packages(recursive) check parameters
[0.162s] Level 1:colcon.colcon_core.package_discovery:discover_packages(ignore) check parameters
[0.162s] Level 1:colcon.colcon_core.package_discovery:discover_packages(path) check parameters
[0.162s] Level 1:colcon.colcon_core.package_discovery:discover_packages(colcon_meta) discover
[0.162s] Level 1:colcon.colcon_core.package_discovery:discover_packages(recursive) discover
[0.162s] INFO:colcon.colcon_core.package_discovery:Crawling recursively for packages in '/home/nav/workspace/cloisim/cloisim/ros2_native_ws'
[0.162s] Level 1:colcon.colcon_core.package_identification:_identify(.) by extensions ['ignore', 'ignore_ament_install']
[0.163s] Level 1:colcon.colcon_core.package_identification:_identify(.) by extension 'ignore'
[0.163s] Level 1:colcon.colcon_core.package_identification:_identify(.) by extension 'ignore_ament_install'
[0.163s] Level 1:colcon.colcon_core.package_identification:_identify(.) by extensions ['colcon_pkg']
[0.163s] Level 1:colcon.colcon_core.package_identification:_identify(.) by extension 'colcon_pkg'
[0.163s] Level 1:colcon.colcon_core.package_identification:_identify(.) by extensions ['colcon_meta']
[0.163s] Level 1:colcon.colcon_core.package_identification:_identify(.) by extension 'colcon_meta'
[0.163s] Level 1:colcon.colcon_core.package_identification:_identify(.) by extensions ['ros']
[0.163s] Level 1:colcon.colcon_core.package_identification:_identify(.) by extension 'ros'
[0.191s] Level 1:colcon.colcon_core.package_identification:_identify(.) by extensions ['cmake', 'python']
[0.191s] Level 1:colcon.colcon_core.package_identification:_identify(.) by extension 'cmake'
[0.191s] Level 1:colcon.colcon_core.package_identification:_identify(.) by extension 'python'
[0.191s] Level 1:colcon.colcon_core.package_identification:_identify(.) by extensions ['python_setup_py']
[0.191s] Level 1:colcon.colcon_core.package_identification:_identify(.) by extension 'python_setup_py'
[0.191s] Level 1:colcon.colcon_core.package_identification:_identify(build) by extensions ['ignore', 'ignore_ament_install']
[0.192s] Level 1:colcon.colcon_core.package_identification:_identify(build) by extension 'ignore'
[0.192s] Level 1:colcon.colcon_core.package_identification:_identify(build) ignored
[0.192s] Level 1:colcon.colcon_core.package_identification:_identify(install) by extensions ['ignore', 'ignore_ament_install']
[0.192s] Level 1:colcon.colcon_core.package_identification:_identify(install) by extension 'ignore'
[0.192s] Level 1:colcon.colcon_core.package_identification:_identify(install) ignored
[0.192s] Level 1:colcon.colcon_core.package_identification:_identify(log) by extensions ['ignore', 'ignore_ament_install']
[0.192s] Level 1:colcon.colcon_core.package_identification:_identify(log) by extension 'ignore'
[0.192s] Level 1:colcon.colcon_core.package_identification:_identify(log) ignored
[0.192s] Level 1:colcon.colcon_core.package_identification:_identify(src) by extensions ['ignore', 'ignore_ament_install']
[0.192s] Level 1:colcon.colcon_core.package_identification:_identify(src) by extension 'ignore'
[0.192s] Level 1:colcon.colcon_core.package_identification:_identify(src) by extension 'ignore_ament_install'
[0.193s] Level 1:colcon.colcon_core.package_identification:_identify(src) by extensions ['colcon_pkg']
[0.193s] Level 1:colcon.colcon_core.package_identification:_identify(src) by extension 'colcon_pkg'
[0.193s] Level 1:colcon.colcon_core.package_identification:_identify(src) by extensions ['colcon_meta']
[0.193s] Level 1:colcon.colcon_core.package_identification:_identify(src) by extension 'colcon_meta'
[0.193s] Level 1:colcon.colcon_core.package_identification:_identify(src) by extensions ['ros']
[0.193s] Level 1:colcon.colcon_core.package_identification:_identify(src) by extension 'ros'
[0.193s] Level 1:colcon.colcon_core.package_identification:_identify(src) by extensions ['cmake', 'python']
[0.193s] Level 1:colcon.colcon_core.package_identification:_identify(src) by extension 'cmake'
[0.193s] Level 1:colcon.colcon_core.package_identification:_identify(src) by extension 'python'
[0.193s] Level 1:colcon.colcon_core.package_identification:_identify(src) by extensions ['python_setup_py']
[0.193s] Level 1:colcon.colcon_core.package_identification:_identify(src) by extension 'python_setup_py'
[0.193s] Level 1:colcon.colcon_core.package_identification:_identify(src/ros2_native_plugin) by extensions ['ignore', 'ignore_ament_install']
[0.193s] Level 1:colcon.colcon_core.package_identification:_identify(src/ros2_native_plugin) by extension 'ignore'
[0.193s] Level 1:colcon.colcon_core.package_identification:_identify(src/ros2_native_plugin) by extension 'ignore_ament_install'
[0.193s] Level 1:colcon.colcon_core.package_identification:_identify(src/ros2_native_plugin) by extensions ['colcon_pkg']
[0.194s] Level 1:colcon.colcon_core.package_identification:_identify(src/ros2_native_plugin) by extension 'colcon_pkg'
[0.194s] Level 1:colcon.colcon_core.package_identification:_identify(src/ros2_native_plugin) by extensions ['colcon_meta']
[0.194s] Level 1:colcon.colcon_core.package_identification:_identify(src/ros2_native_plugin) by extension 'colcon_meta'
[0.194s] Level 1:colcon.colcon_core.package_identification:_identify(src/ros2_native_plugin) by extensions ['ros']
[0.194s] Level 1:colcon.colcon_core.package_identification:_identify(src/ros2_native_plugin) by extension 'ros'
[0.197s] DEBUG:colcon.colcon_core.package_identification:Package 'src/ros2_native_plugin' with type 'ros.ament_cmake' and name 'cloisim_ros2_native'
[0.197s] Level 1:colcon.colcon_core.package_discovery:discover_packages(recursive) using defaults
[0.197s] Level 1:colcon.colcon_core.package_discovery:discover_packages(ignore) discover
[0.197s] Level 1:colcon.colcon_core.package_discovery:discover_packages(ignore) using defaults
[0.197s] Level 1:colcon.colcon_core.package_discovery:discover_packages(path) discover
[0.197s] Level 1:colcon.colcon_core.package_discovery:discover_packages(path) using defaults
[0.217s] Level 1:colcon.colcon_core.package_discovery:discover_packages(prefix_path) check parameters
[0.217s] Level 1:colcon.colcon_core.package_discovery:discover_packages(prefix_path) discover
[0.221s] DEBUG:colcon.colcon_installed_package_information.package_discovery:Found 482 installed packages in /opt/ros/jazzy
[0.223s] Level 1:colcon.colcon_core.package_discovery:discover_packages(prefix_path) using defaults
[0.289s] Level 5:colcon.colcon_core.verb:set package 'cloisim_ros2_native' build argument 'cmake_args' from command line to 'None'
[0.289s] Level 5:colcon.colcon_core.verb:set package 'cloisim_ros2_native' build argument 'cmake_target' from command line to 'None'
[0.289s] Level 5:colcon.colcon_core.verb:set package 'cloisim_ros2_native' build argument 'cmake_target_skip_unavailable' from command line to 'False'
[0.289s] Level 5:colcon.colcon_core.verb:set package 'cloisim_ros2_native' build argument 'cmake_clean_cache' from command line to 'False'
[0.289s] Level 5:colcon.colcon_core.verb:set package 'cloisim_ros2_native' build argument 'cmake_clean_first' from command line to 'False'
[0.289s] Level 5:colcon.colcon_core.verb:set package 'cloisim_ros2_native' build argument 'cmake_force_configure' from command line to 'False'
[0.289s] Level 5:colcon.colcon_core.verb:set package 'cloisim_ros2_native' build argument 'ament_cmake_args' from command line to 'None'
[0.289s] Level 5:colcon.colcon_core.verb:set package 'cloisim_ros2_native' build argument 'catkin_cmake_args' from command line to 'None'
[0.289s] Level 5:colcon.colcon_core.verb:set package 'cloisim_ros2_native' build argument 'catkin_skip_building_tests' from command line to 'False'
[0.289s] DEBUG:colcon.colcon_core.verb:Building package 'cloisim_ros2_native' with the following arguments: {'ament_cmake_args': None, 'build_base': '/home/nav/workspace/cloisim/cloisim/ros2_native_ws/build/cloisim_ros2_native', 'catkin_cmake_args': None, 'catkin_skip_building_tests': False, 'cmake_args': None, 'cmake_clean_cache': False, 'cmake_clean_first': False, 'cmake_force_configure': False, 'cmake_target': None, 'cmake_target_skip_unavailable': False, 'install_base': '/home/nav/workspace/cloisim/cloisim/ros2_native_ws/install/cloisim_ros2_native', 'merge_install': False, 'path': '/home/nav/workspace/cloisim/cloisim/ros2_native_ws/src/ros2_native_plugin', 'symlink_install': False, 'test_result_base': None}
[0.289s] INFO:colcon.colcon_core.executor:Executing jobs using 'parallel' executor
[0.290s] DEBUG:colcon.colcon_parallel_executor.executor.parallel:run_until_complete
[0.291s] INFO:colcon.colcon_ros.task.ament_cmake.build:Building ROS package in '/home/nav/workspace/cloisim/cloisim/ros2_native_ws/src/ros2_native_plugin' with build type 'ament_cmake'
[0.291s] INFO:colcon.colcon_cmake.task.cmake.build:Building CMake package in '/home/nav/workspace/cloisim/cloisim/ros2_native_ws/src/ros2_native_plugin'
[0.293s] INFO:colcon.colcon_core.plugin_system:Skipping extension 'colcon_core.shell.bat': Not used on non-Windows systems
[0.293s] INFO:colcon.colcon_core.shell:Skip shell extension 'powershell' for command environment: Not usable outside of PowerShell
[0.293s] DEBUG:colcon.colcon_core.shell:Skip shell extension 'dsv' for command environment
[0.303s] DEBUG:colcon.colcon_core.event_handler.log_command:Invoking command in '/home/nav/workspace/cloisim/cloisim/ros2_native_ws/build/cloisim_ros2_native': CMAKE_PREFIX_PATH=${CMAKE_PREFIX_PATH}:/opt/ros/jazzy DEBUGINFOD_URLS=https://debuginfod.ubuntu.com /usr/bin/cmake --build /home/nav/workspace/cloisim/cloisim/ros2_native_ws/build/cloisim_ros2_native -- -j16 -l16
[8.531s] DEBUG:colcon.colcon_core.event_handler.log_command:Invoked command in '/home/nav/workspace/cloisim/cloisim/ros2_native_ws/build/cloisim_ros2_native' returned '0': CMAKE_PREFIX_PATH=${CMAKE_PREFIX_PATH}:/opt/ros/jazzy DEBUGINFOD_URLS=https://debuginfod.ubuntu.com /usr/bin/cmake --build /home/nav/workspace/cloisim/cloisim/ros2_native_ws/build/cloisim_ros2_native -- -j16 -l16
[8.544s] DEBUG:colcon.colcon_core.event_handler.log_command:Invoking command in '/home/nav/workspace/cloisim/cloisim/ros2_native_ws/build/cloisim_ros2_native': CMAKE_PREFIX_PATH=${CMAKE_PREFIX_PATH}:/opt/ros/jazzy DEBUGINFOD_URLS=https://debuginfod.ubuntu.com /usr/bin/cmake --install /home/nav/workspace/cloisim/cloisim/ros2_native_ws/build/cloisim_ros2_native
[8.574s] Level 1:colcon.colcon_core.environment:create_environment_scripts_only(cloisim_ros2_native)
[8.575s] DEBUG:colcon.colcon_core.event_handler.log_command:Invoked command in '/home/nav/workspace/cloisim/cloisim/ros2_native_ws/build/cloisim_ros2_native' returned '0': CMAKE_PREFIX_PATH=${CMAKE_PREFIX_PATH}:/opt/ros/jazzy DEBUGINFOD_URLS=https://debuginfod.ubuntu.com /usr/bin/cmake --install /home/nav/workspace/cloisim/cloisim/ros2_native_ws/build/cloisim_ros2_native
[8.577s] Level 1:colcon.colcon_core.environment:checking '/home/nav/workspace/cloisim/cloisim/ros2_native_ws/install/cloisim_ros2_native' for CMake module files
[8.578s] Level 1:colcon.colcon_core.environment:checking '/home/nav/workspace/cloisim/cloisim/ros2_native_ws/install/cloisim_ros2_native' for CMake config files
[8.578s] Level 1:colcon.colcon_core.shell:create_environment_hook('cloisim_ros2_native', 'cmake_prefix_path')
[8.578s] INFO:colcon.colcon_core.shell:Creating environment hook '/home/nav/workspace/cloisim/cloisim/ros2_native_ws/install/cloisim_ros2_native/share/cloisim_ros2_native/hook/cmake_prefix_path.ps1'
[8.579s] INFO:colcon.colcon_core.shell:Creating environment descriptor '/home/nav/workspace/cloisim/cloisim/ros2_native_ws/install/cloisim_ros2_native/share/cloisim_ros2_native/hook/cmake_prefix_path.dsv'
[8.580s] INFO:colcon.colcon_core.shell:Creating environment hook '/home/nav/workspace/cloisim/cloisim/ros2_native_ws/install/cloisim_ros2_native/share/cloisim_ros2_native/hook/cmake_prefix_path.sh'
[8.581s] Level 1:colcon.colcon_core.environment:checking '/home/nav/workspace/cloisim/cloisim/ros2_native_ws/install/cloisim_ros2_native/lib'
[8.581s] Level 1:colcon.colcon_core.shell:create_environment_hook('cloisim_ros2_native', 'ld_library_path_lib')
[8.581s] INFO:colcon.colcon_core.shell:Creating environment hook '/home/nav/workspace/cloisim/cloisim/ros2_native_ws/install/cloisim_ros2_native/share/cloisim_ros2_native/hook/ld_library_path_lib.ps1'
[8.582s] INFO:colcon.colcon_core.shell:Creating environment descriptor '/home/nav/workspace/cloisim/cloisim/ros2_native_ws/install/cloisim_ros2_native/share/cloisim_ros2_native/hook/ld_library_path_lib.dsv'
[8.582s] INFO:colcon.colcon_core.shell:Creating environment hook '/home/nav/workspace/cloisim/cloisim/ros2_native_ws/install/cloisim_ros2_native/share/cloisim_ros2_native/hook/ld_library_path_lib.sh'
[8.582s] Level 1:colcon.colcon_core.environment:checking '/home/nav/workspace/cloisim/cloisim/ros2_native_ws/install/cloisim_ros2_native/bin'
[8.583s] Level 1:colcon.colcon_core.environment:checking '/home/nav/workspace/cloisim/cloisim/ros2_native_ws/install/cloisim_ros2_native/lib/pkgconfig/cloisim_ros2_native.pc'
[8.583s] Level 1:colcon.colcon_core.environment:checking '/home/nav/workspace/cloisim/cloisim/ros2_native_ws/install/cloisim_ros2_native/lib/python3.12/site-packages'
[8.583s] Level 1:colcon.colcon_core.environment:checking '/home/nav/workspace/cloisim/cloisim/ros2_native_ws/install/cloisim_ros2_native/bin'
[8.584s] INFO:colcon.colcon_core.shell:Creating package script '/home/nav/workspace/cloisim/cloisim/ros2_native_ws/install/cloisim_ros2_native/share/cloisim_ros2_native/package.ps1'
[8.584s] INFO:colcon.colcon_core.shell:Creating package descriptor '/home/nav/workspace/cloisim/cloisim/ros2_native_ws/install/cloisim_ros2_native/share/cloisim_ros2_native/package.dsv'
[8.585s] INFO:colcon.colcon_core.shell:Creating package script '/home/nav/workspace/cloisim/cloisim/ros2_native_ws/install/cloisim_ros2_native/share/cloisim_ros2_native/package.sh'
[8.585s] INFO:colcon.colcon_core.shell:Creating package script '/home/nav/workspace/cloisim/cloisim/ros2_native_ws/install/cloisim_ros2_native/share/cloisim_ros2_native/package.bash'
[8.586s] INFO:colcon.colcon_core.shell:Creating package script '/home/nav/workspace/cloisim/cloisim/ros2_native_ws/install/cloisim_ros2_native/share/cloisim_ros2_native/package.zsh'
[8.586s] Level 1:colcon.colcon_core.environment:create_file_with_runtime_dependencies(/home/nav/workspace/cloisim/cloisim/ros2_native_ws/install/cloisim_ros2_native/share/colcon-core/packages/cloisim_ros2_native)
[8.587s] Level 1:colcon.colcon_core.environment:create_environment_scripts_only(cloisim_ros2_native)
[8.587s] Level 1:colcon.colcon_core.environment:checking '/home/nav/workspace/cloisim/cloisim/ros2_native_ws/install/cloisim_ros2_native' for CMake module files
[8.588s] Level 1:colcon.colcon_core.environment:checking '/home/nav/workspace/cloisim/cloisim/ros2_native_ws/install/cloisim_ros2_native' for CMake config files
[8.588s] Level 1:colcon.colcon_core.shell:create_environment_hook('cloisim_ros2_native', 'cmake_prefix_path')
[8.588s] INFO:colcon.colcon_core.shell:Creating environment hook '/home/nav/workspace/cloisim/cloisim/ros2_native_ws/install/cloisim_ros2_native/share/cloisim_ros2_native/hook/cmake_prefix_path.ps1'
[8.588s] INFO:colcon.colcon_core.shell:Creating environment descriptor '/home/nav/workspace/cloisim/cloisim/ros2_native_ws/install/cloisim_ros2_native/share/cloisim_ros2_native/hook/cmake_prefix_path.dsv'
[8.589s] INFO:colcon.colcon_core.shell:Creating environment hook '/home/nav/workspace/cloisim/cloisim/ros2_native_ws/install/cloisim_ros2_native/share/cloisim_ros2_native/hook/cmake_prefix_path.sh'
[8.589s] Level 1:colcon.colcon_core.environment:checking '/home/nav/workspace/cloisim/cloisim/ros2_native_ws/install/cloisim_ros2_native/lib'
[8.589s] Level 1:colcon.colcon_core.shell:create_environment_hook('cloisim_ros2_native', 'ld_library_path_lib')
[8.590s] INFO:colcon.colcon_core.shell:Creating environment hook '/home/nav/workspace/cloisim/cloisim/ros2_native_ws/install/cloisim_ros2_native/share/cloisim_ros2_native/hook/ld_library_path_lib.ps1'
[8.590s] INFO:colcon.colcon_core.shell:Creating environment descriptor '/home/nav/workspace/cloisim/cloisim/ros2_native_ws/install/cloisim_ros2_native/share/cloisim_ros2_native/hook/ld_library_path_lib.dsv'
[8.590s] INFO:colcon.colcon_core.shell:Creating environment hook '/home/nav/workspace/cloisim/cloisim/ros2_native_ws/install/cloisim_ros2_native/share/cloisim_ros2_native/hook/ld_library_path_lib.sh'
[8.607s] Level 1:colcon.colcon_core.environment:checking '/home/nav/workspace/cloisim/cloisim/ros2_native_ws/install/cloisim_ros2_native/bin'
[8.607s] Level 1:colcon.colcon_core.environment:checking '/home/nav/workspace/cloisim/cloisim/ros2_native_ws/install/cloisim_ros2_native/lib/pkgconfig/cloisim_ros2_native.pc'
[8.607s] Level 1:colcon.colcon_core.environment:checking '/home/nav/workspace/cloisim/cloisim/ros2_native_ws/install/cloisim_ros2_native/lib/python3.12/site-packages'
[8.608s] Level 1:colcon.colcon_core.environment:checking '/home/nav/workspace/cloisim/cloisim/ros2_native_ws/install/cloisim_ros2_native/bin'
[8.608s] INFO:colcon.colcon_core.shell:Creating package script '/home/nav/workspace/cloisim/cloisim/ros2_native_ws/install/cloisim_ros2_native/share/cloisim_ros2_native/package.ps1'
[8.609s] INFO:colcon.colcon_core.shell:Creating package descriptor '/home/nav/workspace/cloisim/cloisim/ros2_native_ws/install/cloisim_ros2_native/share/cloisim_ros2_native/package.dsv'
[8.609s] INFO:colcon.colcon_core.shell:Creating package script '/home/nav/workspace/cloisim/cloisim/ros2_native_ws/install/cloisim_ros2_native/share/cloisim_ros2_native/package.sh'
[8.610s] INFO:colcon.colcon_core.shell:Creating package script '/home/nav/workspace/cloisim/cloisim/ros2_native_ws/install/cloisim_ros2_native/share/cloisim_ros2_native/package.bash'
[8.610s] INFO:colcon.colcon_core.shell:Creating package script '/home/nav/workspace/cloisim/cloisim/ros2_native_ws/install/cloisim_ros2_native/share/cloisim_ros2_native/package.zsh'
[8.610s] Level 1:colcon.colcon_core.environment:create_file_with_runtime_dependencies(/home/nav/workspace/cloisim/cloisim/ros2_native_ws/install/cloisim_ros2_native/share/colcon-core/packages/cloisim_ros2_native)
[8.611s] DEBUG:colcon.colcon_parallel_executor.executor.parallel:closing loop
[8.611s] DEBUG:colcon.colcon_parallel_executor.executor.parallel:loop closed
[8.611s] DEBUG:colcon.colcon_parallel_executor.executor.parallel:run_until_complete finished with '0'
[8.612s] DEBUG:colcon.colcon_core.event_reactor:joining thread
[8.618s] INFO:colcon.colcon_core.plugin_system:Skipping extension 'colcon_notification.desktop_notification.terminal_notifier': Not used on non-Darwin systems
[8.618s] INFO:colcon.colcon_core.plugin_system:Skipping extension 'colcon_notification.desktop_notification.win32': Not used on non-Windows systems
[8.619s] INFO:colcon.colcon_notification.desktop_notification:Sending desktop notification using 'notify2'
[8.635s] DEBUG:colcon.colcon_core.event_reactor:joined thread
[8.635s] INFO:colcon.colcon_core.shell:Creating prefix script '/home/nav/workspace/cloisim/cloisim/ros2_native_ws/install/local_setup.ps1'
[8.636s] INFO:colcon.colcon_core.shell:Creating prefix util module '/home/nav/workspace/cloisim/cloisim/ros2_native_ws/install/_local_setup_util_ps1.py'
[8.637s] INFO:colcon.colcon_core.shell:Creating prefix chain script '/home/nav/workspace/cloisim/cloisim/ros2_native_ws/install/setup.ps1'
[8.638s] INFO:colcon.colcon_core.shell:Creating prefix script '/home/nav/workspace/cloisim/cloisim/ros2_native_ws/install/local_setup.sh'
[8.639s] INFO:colcon.colcon_core.shell:Creating prefix util module '/home/nav/workspace/cloisim/cloisim/ros2_native_ws/install/_local_setup_util_sh.py'
[8.639s] INFO:colcon.colcon_core.shell:Creating prefix chain script '/home/nav/workspace/cloisim/cloisim/ros2_native_ws/install/setup.sh'
[8.641s] INFO:colcon.colcon_core.shell:Creating prefix script '/home/nav/workspace/cloisim/cloisim/ros2_native_ws/install/local_setup.bash'
[8.641s] INFO:colcon.colcon_core.shell:Creating prefix chain script '/home/nav/workspace/cloisim/cloisim/ros2_native_ws/install/setup.bash'
[8.642s] INFO:colcon.colcon_core.shell:Creating prefix script '/home/nav/workspace/cloisim/cloisim/ros2_native_ws/install/local_setup.zsh'
[8.643s] INFO:colcon.colcon_core.shell:Creating prefix chain script '/home/nav/workspace/cloisim/cloisim/ros2_native_ws/install/setup.zsh'
