[0.014s] Invoking command in '/home/nav/workspace/cloisim/cloisim/ros2_native_ws/build/cloisim_ros2_native': CMAKE_PREFIX_PATH=${CMAKE_PREFIX_PATH}:/opt/ros/jazzy DEBUGINFOD_URLS=https://debuginfod.ubuntu.com /usr/bin/cmake --build /home/nav/workspace/cloisim/cloisim/ros2_native_ws/build/cloisim_ros2_native -- -j16 -l16
[0.092s] [ 50%] [32mBuilding CXX object CMakeFiles/cloisim_ros2_native.dir/src/cloisim_ros2.cpp.o[0m
[7.067s] [100%] [32m[1mLinking CXX shared library libcloisim_ros2_native.so[0m
[7.321s] [100%] Built target cloisim_ros2_native
[7.338s] Invoked command in '/home/nav/workspace/cloisim/cloisim/ros2_native_ws/build/cloisim_ros2_native' returned '0': CMAKE_PREFIX_PATH=${CMAKE_PREFIX_PATH}:/opt/ros/jazzy DEBUGINFOD_URLS=https://debuginfod.ubuntu.com /usr/bin/cmake --build /home/nav/workspace/cloisim/cloisim/ros2_native_ws/build/cloisim_ros2_native -- -j16 -l16
[7.353s] Invoking command in '/home/nav/workspace/cloisim/cloisim/ros2_native_ws/build/cloisim_ros2_native': CMAKE_PREFIX_PATH=${CMAKE_PREFIX_PATH}:/opt/ros/jazzy DEBUGINFOD_URLS=https://debuginfod.ubuntu.com /usr/bin/cmake --install /home/nav/workspace/cloisim/cloisim/ros2_native_ws/build/cloisim_ros2_native
[7.365s] -- Install configuration: ""
[7.365s] -- Execute custom install script
[7.366s] -- Up-to-date symlink: /home/nav/workspace/cloisim/cloisim/ros2_native_ws/install/cloisim_ros2_native/share/cloisim_ros2_native/environment/library_path.sh
[7.366s] -- Up-to-date symlink: /home/nav/workspace/cloisim/cloisim/ros2_native_ws/install/cloisim_ros2_native/share/cloisim_ros2_native/environment/library_path.dsv
[7.366s] -- Up-to-date symlink: /home/nav/workspace/cloisim/cloisim/ros2_native_ws/install/cloisim_ros2_native/lib/libcloisim_ros2_native.so
[7.366s] -- Up-to-date symlink: /home/nav/workspace/cloisim/cloisim/ros2_native_ws/install/cloisim_ros2_native/share/ament_index/resource_index/package_run_dependencies/cloisim_ros2_native
[7.367s] -- Up-to-date symlink: /home/nav/workspace/cloisim/cloisim/ros2_native_ws/install/cloisim_ros2_native/share/ament_index/resource_index/parent_prefix_path/cloisim_ros2_native
[7.367s] -- Up-to-date symlink: /home/nav/workspace/cloisim/cloisim/ros2_native_ws/install/cloisim_ros2_native/share/cloisim_ros2_native/environment/ament_prefix_path.sh
[7.367s] -- Up-to-date symlink: /home/nav/workspace/cloisim/cloisim/ros2_native_ws/install/cloisim_ros2_native/share/cloisim_ros2_native/environment/ament_prefix_path.dsv
[7.367s] -- Up-to-date symlink: /home/nav/workspace/cloisim/cloisim/ros2_native_ws/install/cloisim_ros2_native/share/cloisim_ros2_native/environment/path.sh
[7.367s] -- Up-to-date symlink: /home/nav/workspace/cloisim/cloisim/ros2_native_ws/install/cloisim_ros2_native/share/cloisim_ros2_native/environment/path.dsv
[7.368s] -- Up-to-date symlink: /home/nav/workspace/cloisim/cloisim/ros2_native_ws/install/cloisim_ros2_native/share/cloisim_ros2_native/local_setup.bash
[7.368s] -- Up-to-date symlink: /home/nav/workspace/cloisim/cloisim/ros2_native_ws/install/cloisim_ros2_native/share/cloisim_ros2_native/local_setup.sh
[7.368s] -- Up-to-date symlink: /home/nav/workspace/cloisim/cloisim/ros2_native_ws/install/cloisim_ros2_native/share/cloisim_ros2_native/local_setup.zsh
[7.368s] -- Up-to-date symlink: /home/nav/workspace/cloisim/cloisim/ros2_native_ws/install/cloisim_ros2_native/share/cloisim_ros2_native/local_setup.dsv
[7.368s] -- Symlinking: /home/nav/workspace/cloisim/cloisim/ros2_native_ws/install/cloisim_ros2_native/share/cloisim_ros2_native/package.dsv
[7.384s] -- Up-to-date symlink: /home/nav/workspace/cloisim/cloisim/ros2_native_ws/install/cloisim_ros2_native/share/ament_index/resource_index/packages/cloisim_ros2_native
[7.385s] -- Up-to-date symlink: /home/nav/workspace/cloisim/cloisim/ros2_native_ws/install/cloisim_ros2_native/share/cloisim_ros2_native/cmake/ament_cmake_export_libraries-extras.cmake
[7.386s] -- Up-to-date symlink: /home/nav/workspace/cloisim/cloisim/ros2_native_ws/install/cloisim_ros2_native/share/cloisim_ros2_native/cmake/ament_cmake_export_dependencies-extras.cmake
[7.386s] -- Up-to-date symlink: /home/nav/workspace/cloisim/cloisim/ros2_native_ws/install/cloisim_ros2_native/share/cloisim_ros2_native/cmake/cloisim_ros2_nativeConfig.cmake
[7.386s] -- Up-to-date symlink: /home/nav/workspace/cloisim/cloisim/ros2_native_ws/install/cloisim_ros2_native/share/cloisim_ros2_native/cmake/cloisim_ros2_nativeConfig-version.cmake
[7.388s] -- Up-to-date symlink: /home/nav/workspace/cloisim/cloisim/ros2_native_ws/install/cloisim_ros2_native/share/cloisim_ros2_native/package.xml
[7.394s] Invoked command in '/home/nav/workspace/cloisim/cloisim/ros2_native_ws/build/cloisim_ros2_native' returned '0': CMAKE_PREFIX_PATH=${CMAKE_PREFIX_PATH}:/opt/ros/jazzy DEBUGINFOD_URLS=https://debuginfod.ubuntu.com /usr/bin/cmake --install /home/nav/workspace/cloisim/cloisim/ros2_native_ws/build/cloisim_ros2_native
