[0.012s] Invoking command in '/home/nav/workspace/cloisim/cloisim/ros2_native_ws/build/cloisim_ros2_native': CMAKE_PREFIX_PATH=${CMAKE_PREFIX_PATH}:/opt/ros/jazzy DEBUGINFOD_URLS=https://debuginfod.ubuntu.com /usr/bin/cmake --build /home/nav/workspace/cloisim/cloisim/ros2_native_ws/build/cloisim_ros2_native -- -j16 -l16
[0.045s] -- Found ament_cmake: 2.5.5 (/opt/ros/jazzy/share/ament_cmake/cmake)
[0.292s] -- Override CMake install command with custom implementation using symlinks instead of copying resources
[0.299s] -- Found rclcpp: 28.1.16 (/opt/ros/jazzy/share/rclcpp/cmake)
[0.333s] -- Found rosidl_generator_c: 4.6.7 (/opt/ros/jazzy/share/rosidl_generator_c/cmake)
[0.342s] -- Found rosidl_generator_cpp: 4.6.7 (/opt/ros/jazzy/share/rosidl_generator_cpp/cmake)
[0.355s] -- Using all available rosidl_typesupport_c: rosidl_typesupport_fastrtps_c;rosidl_typesupport_introspection_c
[0.371s] -- Using all available rosidl_typesupport_cpp: rosidl_typesupport_fastrtps_cpp;rosidl_typesupport_introspection_cpp
[0.444s] -- Found rmw_implementation_cmake: 7.3.3 (/opt/ros/jazzy/share/rmw_implementation_cmake/cmake)
[0.445s] -- Found rmw_cyclonedds_cpp: 2.2.3 (/opt/ros/jazzy/share/rmw_cyclonedds_cpp/cmake)
[0.473s] -- Using RMW implementation 'rmw_cyclonedds_cpp' as default
[0.539s] -- Found std_msgs: 5.3.6 (/opt/ros/jazzy/share/std_msgs/cmake)
[0.554s] -- Found sensor_msgs: 5.3.6 (/opt/ros/jazzy/share/sensor_msgs/cmake)
[0.601s] -- Found nav_msgs: 5.3.6 (/opt/ros/jazzy/share/nav_msgs/cmake)
[0.753s] -- Configuring done (0.7s)
[0.767s] -- Generating done (0.0s)
[0.771s] -- Build files have been written to: /home/nav/workspace/cloisim/cloisim/ros2_native_ws/build/cloisim_ros2_native
[0.845s] [ 50%] [32mBuilding CXX object CMakeFiles/cloisim_ros2_native.dir/src/cloisim_ros2.cpp.o[0m
[8.053s] [100%] [32m[1mLinking CXX shared library libcloisim_ros2_native.so[0m
[8.339s] [100%] Built target cloisim_ros2_native
[8.356s] Invoked command in '/home/nav/workspace/cloisim/cloisim/ros2_native_ws/build/cloisim_ros2_native' returned '0': CMAKE_PREFIX_PATH=${CMAKE_PREFIX_PATH}:/opt/ros/jazzy DEBUGINFOD_URLS=https://debuginfod.ubuntu.com /usr/bin/cmake --build /home/nav/workspace/cloisim/cloisim/ros2_native_ws/build/cloisim_ros2_native -- -j16 -l16
[8.370s] Invoking command in '/home/nav/workspace/cloisim/cloisim/ros2_native_ws/build/cloisim_ros2_native': CMAKE_PREFIX_PATH=${CMAKE_PREFIX_PATH}:/opt/ros/jazzy DEBUGINFOD_URLS=https://debuginfod.ubuntu.com /usr/bin/cmake --install /home/nav/workspace/cloisim/cloisim/ros2_native_ws/build/cloisim_ros2_native
[8.379s] -- Install configuration: ""
[8.380s] -- Execute custom install script
[8.380s] -- Up-to-date symlink: /home/nav/workspace/cloisim/cloisim/ros2_native_ws/install/cloisim_ros2_native/share/cloisim_ros2_native/environment/library_path.sh
[8.380s] -- Up-to-date symlink: /home/nav/workspace/cloisim/cloisim/ros2_native_ws/install/cloisim_ros2_native/share/cloisim_ros2_native/environment/library_path.dsv
[8.381s] -- Up-to-date symlink: /home/nav/workspace/cloisim/cloisim/ros2_native_ws/install/cloisim_ros2_native/lib/libcloisim_ros2_native.so
[8.381s] -- Up-to-date symlink: /home/nav/workspace/cloisim/cloisim/ros2_native_ws/install/cloisim_ros2_native/share/ament_index/resource_index/package_run_dependencies/cloisim_ros2_native
[8.381s] -- Up-to-date symlink: /home/nav/workspace/cloisim/cloisim/ros2_native_ws/install/cloisim_ros2_native/share/ament_index/resource_index/parent_prefix_path/cloisim_ros2_native
[8.381s] -- Up-to-date symlink: /home/nav/workspace/cloisim/cloisim/ros2_native_ws/install/cloisim_ros2_native/share/cloisim_ros2_native/environment/ament_prefix_path.sh
[8.382s] -- Up-to-date symlink: /home/nav/workspace/cloisim/cloisim/ros2_native_ws/install/cloisim_ros2_native/share/cloisim_ros2_native/environment/ament_prefix_path.dsv
[8.382s] -- Up-to-date symlink: /home/nav/workspace/cloisim/cloisim/ros2_native_ws/install/cloisim_ros2_native/share/cloisim_ros2_native/environment/path.sh
[8.382s] -- Up-to-date symlink: /home/nav/workspace/cloisim/cloisim/ros2_native_ws/install/cloisim_ros2_native/share/cloisim_ros2_native/environment/path.dsv
[8.382s] -- Up-to-date symlink: /home/nav/workspace/cloisim/cloisim/ros2_native_ws/install/cloisim_ros2_native/share/cloisim_ros2_native/local_setup.bash
[8.382s] -- Up-to-date symlink: /home/nav/workspace/cloisim/cloisim/ros2_native_ws/install/cloisim_ros2_native/share/cloisim_ros2_native/local_setup.sh
[8.383s] -- Up-to-date symlink: /home/nav/workspace/cloisim/cloisim/ros2_native_ws/install/cloisim_ros2_native/share/cloisim_ros2_native/local_setup.zsh
[8.383s] -- Up-to-date symlink: /home/nav/workspace/cloisim/cloisim/ros2_native_ws/install/cloisim_ros2_native/share/cloisim_ros2_native/local_setup.dsv
[8.383s] -- Symlinking: /home/nav/workspace/cloisim/cloisim/ros2_native_ws/install/cloisim_ros2_native/share/cloisim_ros2_native/package.dsv
[8.395s] -- Up-to-date symlink: /home/nav/workspace/cloisim/cloisim/ros2_native_ws/install/cloisim_ros2_native/share/ament_index/resource_index/packages/cloisim_ros2_native
[8.395s] -- Up-to-date symlink: /home/nav/workspace/cloisim/cloisim/ros2_native_ws/install/cloisim_ros2_native/share/cloisim_ros2_native/cmake/ament_cmake_export_libraries-extras.cmake
[8.396s] -- Up-to-date symlink: /home/nav/workspace/cloisim/cloisim/ros2_native_ws/install/cloisim_ros2_native/share/cloisim_ros2_native/cmake/ament_cmake_export_dependencies-extras.cmake
[8.396s] -- Up-to-date symlink: /home/nav/workspace/cloisim/cloisim/ros2_native_ws/install/cloisim_ros2_native/share/cloisim_ros2_native/cmake/cloisim_ros2_nativeConfig.cmake
[8.396s] -- Up-to-date symlink: /home/nav/workspace/cloisim/cloisim/ros2_native_ws/install/cloisim_ros2_native/share/cloisim_ros2_native/cmake/cloisim_ros2_nativeConfig-version.cmake
[8.396s] -- Up-to-date symlink: /home/nav/workspace/cloisim/cloisim/ros2_native_ws/install/cloisim_ros2_native/share/cloisim_ros2_native/package.xml
[8.399s] Invoked command in '/home/nav/workspace/cloisim/cloisim/ros2_native_ws/build/cloisim_ros2_native' returned '0': CMAKE_PREFIX_PATH=${CMAKE_PREFIX_PATH}:/opt/ros/jazzy DEBUGINFOD_URLS=https://debuginfod.ubuntu.com /usr/bin/cmake --install /home/nav/workspace/cloisim/cloisim/ros2_native_ws/build/cloisim_ros2_native
