[0.121s] DEBUG:colcon:Command line arguments: ['/usr/bin/colcon', 'build']
[0.121s] DEBUG:colcon:Parsed command line arguments: Namespace(log_base=None, log_level=None, verb_name='build', build_base='build', install_base='install', merge_install=False, symlink_install=False, test_result_base=None, continue_on_error=False, executor='parallel', parallel_workers=16, event_handlers=None, ignore_user_meta=False, metas=['./colcon.meta'], base_paths=['.'], packages_ignore=None, packages_ignore_regex=None, paths=None, packages_up_to=None, packages_up_to_regex=None, packages_above=None, packages_above_and_dependencies=None, packages_above_depth=None, packages_select_by_dep=None, packages_skip_by_dep=None, packages_skip_up_to=None, packages_select_build_failed=False, packages_skip_build_finished=False, packages_select_test_failures=False, packages_skip_test_passed=False, packages_select=None, packages_skip=None, packages_select_regex=None, packages_skip_regex=None, packages_start=None, packages_end=None, allow_overriding=[], cmake_args=None, cmake_target=None, cmake_target_skip_unavailable=False, cmake_clean_cache=False, cmake_clean_first=False, cmake_force_configure=False, ament_cmake_args=None, catkin_cmake_args=None, catkin_skip_building_tests=False, mixin_files=None, mixin=None, verb_parser=<colcon_mixin.mixin.mixin_argument.MixinArgumentDecorator object at 0x713bd1e8e4b0>, verb_extension=<colcon_core.verb.build.BuildVerb object at 0x713bd1fbaa80>, main=<bound method BuildVerb.main of <colcon_core.verb.build.BuildVerb object at 0x713bd1fbaa80>>, mixin_verb=('build',))
[0.170s] Level 1:colcon.colcon_core.package_discovery:discover_packages(colcon_meta) check parameters
[0.170s] Level 1:colcon.colcon_core.package_discovery:discover_packages(recursive) check parameters
[0.170s] Level 1:colcon.colcon_core.package_discovery:discover_packages(ignore) check parameters
[0.170s] Level 1:colcon.colcon_core.package_discovery:discover_packages(path) check parameters
[0.171s] Level 1:colcon.colcon_core.package_discovery:discover_packages(colcon_meta) discover
[0.171s] Level 1:colcon.colcon_core.package_discovery:discover_packages(recursive) discover
[0.171s] INFO:colcon.colcon_core.package_discovery:Crawling recursively for packages in '/home/nav/workspace/cloisim/cloisim/ros2_native_ws'
[0.171s] Level 1:colcon.colcon_core.package_identification:_identify(.) by extensions ['ignore', 'ignore_ament_install']
[0.171s] Level 1:colcon.colcon_core.package_identification:_identify(.) by extension 'ignore'
[0.171s] Level 1:colcon.colcon_core.package_identification:_identify(.) by extension 'ignore_ament_install'
[0.171s] Level 1:colcon.colcon_core.package_identification:_identify(.) by extensions ['colcon_pkg']
[0.171s] Level 1:colcon.colcon_core.package_identification:_identify(.) by extension 'colcon_pkg'
[0.171s] Level 1:colcon.colcon_core.package_identification:_identify(.) by extensions ['colcon_meta']
[0.171s] Level 1:colcon.colcon_core.package_identification:_identify(.) by extension 'colcon_meta'
[0.172s] Level 1:colcon.colcon_core.package_identification:_identify(.) by extensions ['ros']
[0.172s] Level 1:colcon.colcon_core.package_identification:_identify(.) by extension 'ros'
[0.202s] Level 1:colcon.colcon_core.package_identification:_identify(.) by extensions ['cmake', 'python']
[0.202s] Level 1:colcon.colcon_core.package_identification:_identify(.) by extension 'cmake'
[0.202s] Level 1:colcon.colcon_core.package_identification:_identify(.) by extension 'python'
[0.202s] Level 1:colcon.colcon_core.package_identification:_identify(.) by extensions ['python_setup_py']
[0.202s] Level 1:colcon.colcon_core.package_identification:_identify(.) by extension 'python_setup_py'
[0.202s] Level 1:colcon.colcon_core.package_identification:_identify(build) by extensions ['ignore', 'ignore_ament_install']
[0.202s] Level 1:colcon.colcon_core.package_identification:_identify(build) by extension 'ignore'
[0.202s] Level 1:colcon.colcon_core.package_identification:_identify(build) ignored
[0.203s] Level 1:colcon.colcon_core.package_identification:_identify(install) by extensions ['ignore', 'ignore_ament_install']
[0.203s] Level 1:colcon.colcon_core.package_identification:_identify(install) by extension 'ignore'
[0.203s] Level 1:colcon.colcon_core.package_identification:_identify(install) ignored
[0.203s] Level 1:colcon.colcon_core.package_identification:_identify(log) by extensions ['ignore', 'ignore_ament_install']
[0.203s] Level 1:colcon.colcon_core.package_identification:_identify(log) by extension 'ignore'
[0.203s] Level 1:colcon.colcon_core.package_identification:_identify(log) ignored
[0.203s] Level 1:colcon.colcon_core.package_identification:_identify(src) by extensions ['ignore', 'ignore_ament_install']
[0.203s] Level 1:colcon.colcon_core.package_identification:_identify(src) by extension 'ignore'
[0.203s] Level 1:colcon.colcon_core.package_identification:_identify(src) by extension 'ignore_ament_install'
[0.203s] Level 1:colcon.colcon_core.package_identification:_identify(src) by extensions ['colcon_pkg']
[0.204s] Level 1:colcon.colcon_core.package_identification:_identify(src) by extension 'colcon_pkg'
[0.204s] Level 1:colcon.colcon_core.package_identification:_identify(src) by extensions ['colcon_meta']
[0.204s] Level 1:colcon.colcon_core.package_identification:_identify(src) by extension 'colcon_meta'
[0.204s] Level 1:colcon.colcon_core.package_identification:_identify(src) by extensions ['ros']
[0.204s] Level 1:colcon.colcon_core.package_identification:_identify(src) by extension 'ros'
[0.204s] Level 1:colcon.colcon_core.package_identification:_identify(src) by extensions ['cmake', 'python']
[0.204s] Level 1:colcon.colcon_core.package_identification:_identify(src) by extension 'cmake'
[0.204s] Level 1:colcon.colcon_core.package_identification:_identify(src) by extension 'python'
[0.204s] Level 1:colcon.colcon_core.package_identification:_identify(src) by extensions ['python_setup_py']
[0.204s] Level 1:colcon.colcon_core.package_identification:_identify(src) by extension 'python_setup_py'
[0.204s] Level 1:colcon.colcon_core.package_identification:_identify(src/ros2_native_plugin) by extensions ['ignore', 'ignore_ament_install']
[0.204s] Level 1:colcon.colcon_core.package_identification:_identify(src/ros2_native_plugin) by extension 'ignore'
[0.204s] Level 1:colcon.colcon_core.package_identification:_identify(src/ros2_native_plugin) by extension 'ignore_ament_install'
[0.204s] Level 1:colcon.colcon_core.package_identification:_identify(src/ros2_native_plugin) by extensions ['colcon_pkg']
[0.204s] Level 1:colcon.colcon_core.package_identification:_identify(src/ros2_native_plugin) by extension 'colcon_pkg'
[0.204s] Level 1:colcon.colcon_core.package_identification:_identify(src/ros2_native_plugin) by extensions ['colcon_meta']
[0.204s] Level 1:colcon.colcon_core.package_identification:_identify(src/ros2_native_plugin) by extension 'colcon_meta'
[0.204s] Level 1:colcon.colcon_core.package_identification:_identify(src/ros2_native_plugin) by extensions ['ros']
[0.205s] Level 1:colcon.colcon_core.package_identification:_identify(src/ros2_native_plugin) by extension 'ros'
[0.207s] DEBUG:colcon.colcon_core.package_identification:Package 'src/ros2_native_plugin' with type 'ros.ament_cmake' and name 'cloisim_ros2_native'
[0.207s] Level 1:colcon.colcon_core.package_discovery:discover_packages(recursive) using defaults
[0.207s] Level 1:colcon.colcon_core.package_discovery:discover_packages(ignore) discover
[0.207s] Level 1:colcon.colcon_core.package_discovery:discover_packages(ignore) using defaults
[0.207s] Level 1:colcon.colcon_core.package_discovery:discover_packages(path) discover
[0.207s] Level 1:colcon.colcon_core.package_discovery:discover_packages(path) using defaults
[0.224s] Level 1:colcon.colcon_core.package_discovery:discover_packages(prefix_path) check parameters
[0.224s] Level 1:colcon.colcon_core.package_discovery:discover_packages(prefix_path) discover
[0.228s] DEBUG:colcon.colcon_installed_package_information.package_discovery:Found 482 installed packages in /opt/ros/jazzy
[0.230s] Level 1:colcon.colcon_core.package_discovery:discover_packages(prefix_path) using defaults
[0.296s] Level 5:colcon.colcon_core.verb:set package 'cloisim_ros2_native' build argument 'cmake_args' from command line to 'None'
[0.296s] Level 5:colcon.colcon_core.verb:set package 'cloisim_ros2_native' build argument 'cmake_target' from command line to 'None'
[0.296s] Level 5:colcon.colcon_core.verb:set package 'cloisim_ros2_native' build argument 'cmake_target_skip_unavailable' from command line to 'False'
[0.296s] Level 5:colcon.colcon_core.verb:set package 'cloisim_ros2_native' build argument 'cmake_clean_cache' from command line to 'False'
[0.296s] Level 5:colcon.colcon_core.verb:set package 'cloisim_ros2_native' build argument 'cmake_clean_first' from command line to 'False'
[0.296s] Level 5:colcon.colcon_core.verb:set package 'cloisim_ros2_native' build argument 'cmake_force_configure' from command line to 'False'
[0.296s] Level 5:colcon.colcon_core.verb:set package 'cloisim_ros2_native' build argument 'ament_cmake_args' from command line to 'None'
[0.296s] Level 5:colcon.colcon_core.verb:set package 'cloisim_ros2_native' build argument 'catkin_cmake_args' from command line to 'None'
[0.296s] Level 5:colcon.colcon_core.verb:set package 'cloisim_ros2_native' build argument 'catkin_skip_building_tests' from command line to 'False'
[0.297s] DEBUG:colcon.colcon_core.verb:Building package 'cloisim_ros2_native' with the following arguments: {'ament_cmake_args': None, 'build_base': '/home/nav/workspace/cloisim/cloisim/ros2_native_ws/build/cloisim_ros2_native', 'catkin_cmake_args': None, 'catkin_skip_building_tests': False, 'cmake_args': None, 'cmake_clean_cache': False, 'cmake_clean_first': False, 'cmake_force_configure': False, 'cmake_target': None, 'cmake_target_skip_unavailable': False, 'install_base': '/home/nav/workspace/cloisim/cloisim/ros2_native_ws/install/cloisim_ros2_native', 'merge_install': False, 'path': '/home/nav/workspace/cloisim/cloisim/ros2_native_ws/src/ros2_native_plugin', 'symlink_install': False, 'test_result_base': None}
[0.297s] INFO:colcon.colcon_core.executor:Executing jobs using 'parallel' executor
[0.298s] DEBUG:colcon.colcon_parallel_executor.executor.parallel:run_until_complete
[0.298s] INFO:colcon.colcon_ros.task.ament_cmake.build:Building ROS package in '/home/nav/workspace/cloisim/cloisim/ros2_native_ws/src/ros2_native_plugin' with build type 'ament_cmake'
[0.299s] INFO:colcon.colcon_cmake.task.cmake.build:Building CMake package in '/home/nav/workspace/cloisim/cloisim/ros2_native_ws/src/ros2_native_plugin'
[0.301s] INFO:colcon.colcon_core.plugin_system:Skipping extension 'colcon_core.shell.bat': Not used on non-Windows systems
[0.301s] INFO:colcon.colcon_core.shell:Skip shell extension 'powershell' for command environment: Not usable outside of PowerShell
[0.301s] DEBUG:colcon.colcon_core.shell:Skip shell extension 'dsv' for command environment
[0.311s] DEBUG:colcon.colcon_core.event_handler.log_command:Invoking command in '/home/nav/workspace/cloisim/cloisim/ros2_native_ws/build/cloisim_ros2_native': CMAKE_PREFIX_PATH=${CMAKE_PREFIX_PATH}:/opt/ros/jazzy DEBUGINFOD_URLS=https://debuginfod.ubuntu.com /usr/bin/cmake --build /home/nav/workspace/cloisim/cloisim/ros2_native_ws/build/cloisim_ros2_native -- -j16 -l16
[8.655s] DEBUG:colcon.colcon_core.event_handler.log_command:Invoked command in '/home/nav/workspace/cloisim/cloisim/ros2_native_ws/build/cloisim_ros2_native' returned '0': CMAKE_PREFIX_PATH=${CMAKE_PREFIX_PATH}:/opt/ros/jazzy DEBUGINFOD_URLS=https://debuginfod.ubuntu.com /usr/bin/cmake --build /home/nav/workspace/cloisim/cloisim/ros2_native_ws/build/cloisim_ros2_native -- -j16 -l16
[8.669s] DEBUG:colcon.colcon_core.event_handler.log_command:Invoking command in '/home/nav/workspace/cloisim/cloisim/ros2_native_ws/build/cloisim_ros2_native': CMAKE_PREFIX_PATH=${CMAKE_PREFIX_PATH}:/opt/ros/jazzy DEBUGINFOD_URLS=https://debuginfod.ubuntu.com /usr/bin/cmake --install /home/nav/workspace/cloisim/cloisim/ros2_native_ws/build/cloisim_ros2_native
[8.697s] Level 1:colcon.colcon_core.environment:create_environment_scripts_only(cloisim_ros2_native)
[8.698s] DEBUG:colcon.colcon_core.event_handler.log_command:Invoked command in '/home/nav/workspace/cloisim/cloisim/ros2_native_ws/build/cloisim_ros2_native' returned '0': CMAKE_PREFIX_PATH=${CMAKE_PREFIX_PATH}:/opt/ros/jazzy DEBUGINFOD_URLS=https://debuginfod.ubuntu.com /usr/bin/cmake --install /home/nav/workspace/cloisim/cloisim/ros2_native_ws/build/cloisim_ros2_native
[8.701s] Level 1:colcon.colcon_core.environment:checking '/home/nav/workspace/cloisim/cloisim/ros2_native_ws/install/cloisim_ros2_native' for CMake module files
[8.701s] Level 1:colcon.colcon_core.environment:checking '/home/nav/workspace/cloisim/cloisim/ros2_native_ws/install/cloisim_ros2_native' for CMake config files
[8.702s] Level 1:colcon.colcon_core.shell:create_environment_hook('cloisim_ros2_native', 'cmake_prefix_path')
[8.702s] INFO:colcon.colcon_core.shell:Creating environment hook '/home/nav/workspace/cloisim/cloisim/ros2_native_ws/install/cloisim_ros2_native/share/cloisim_ros2_native/hook/cmake_prefix_path.ps1'
[8.703s] INFO:colcon.colcon_core.shell:Creating environment descriptor '/home/nav/workspace/cloisim/cloisim/ros2_native_ws/install/cloisim_ros2_native/share/cloisim_ros2_native/hook/cmake_prefix_path.dsv'
[8.703s] INFO:colcon.colcon_core.shell:Creating environment hook '/home/nav/workspace/cloisim/cloisim/ros2_native_ws/install/cloisim_ros2_native/share/cloisim_ros2_native/hook/cmake_prefix_path.sh'
[8.704s] Level 1:colcon.colcon_core.environment:checking '/home/nav/workspace/cloisim/cloisim/ros2_native_ws/install/cloisim_ros2_native/lib'
[8.704s] Level 1:colcon.colcon_core.shell:create_environment_hook('cloisim_ros2_native', 'ld_library_path_lib')
[8.704s] INFO:colcon.colcon_core.shell:Creating environment hook '/home/nav/workspace/cloisim/cloisim/ros2_native_ws/install/cloisim_ros2_native/share/cloisim_ros2_native/hook/ld_library_path_lib.ps1'
[8.705s] INFO:colcon.colcon_core.shell:Creating environment descriptor '/home/nav/workspace/cloisim/cloisim/ros2_native_ws/install/cloisim_ros2_native/share/cloisim_ros2_native/hook/ld_library_path_lib.dsv'
[8.705s] INFO:colcon.colcon_core.shell:Creating environment hook '/home/nav/workspace/cloisim/cloisim/ros2_native_ws/install/cloisim_ros2_native/share/cloisim_ros2_native/hook/ld_library_path_lib.sh'
[8.705s] Level 1:colcon.colcon_core.environment:checking '/home/nav/workspace/cloisim/cloisim/ros2_native_ws/install/cloisim_ros2_native/bin'
[8.705s] Level 1:colcon.colcon_core.environment:checking '/home/nav/workspace/cloisim/cloisim/ros2_native_ws/install/cloisim_ros2_native/lib/pkgconfig/cloisim_ros2_native.pc'
[8.706s] Level 1:colcon.colcon_core.environment:checking '/home/nav/workspace/cloisim/cloisim/ros2_native_ws/install/cloisim_ros2_native/lib/python3.12/site-packages'
[8.706s] Level 1:colcon.colcon_core.environment:checking '/home/nav/workspace/cloisim/cloisim/ros2_native_ws/install/cloisim_ros2_native/bin'
[8.706s] INFO:colcon.colcon_core.shell:Creating package script '/home/nav/workspace/cloisim/cloisim/ros2_native_ws/install/cloisim_ros2_native/share/cloisim_ros2_native/package.ps1'
[8.707s] INFO:colcon.colcon_core.shell:Creating package descriptor '/home/nav/workspace/cloisim/cloisim/ros2_native_ws/install/cloisim_ros2_native/share/cloisim_ros2_native/package.dsv'
[8.708s] INFO:colcon.colcon_core.shell:Creating package script '/home/nav/workspace/cloisim/cloisim/ros2_native_ws/install/cloisim_ros2_native/share/cloisim_ros2_native/package.sh'
[8.708s] INFO:colcon.colcon_core.shell:Creating package script '/home/nav/workspace/cloisim/cloisim/ros2_native_ws/install/cloisim_ros2_native/share/cloisim_ros2_native/package.bash'
[8.709s] INFO:colcon.colcon_core.shell:Creating package script '/home/nav/workspace/cloisim/cloisim/ros2_native_ws/install/cloisim_ros2_native/share/cloisim_ros2_native/package.zsh'
[8.709s] Level 1:colcon.colcon_core.environment:create_file_with_runtime_dependencies(/home/nav/workspace/cloisim/cloisim/ros2_native_ws/install/cloisim_ros2_native/share/colcon-core/packages/cloisim_ros2_native)
[8.710s] Level 1:colcon.colcon_core.environment:create_environment_scripts_only(cloisim_ros2_native)
[8.710s] Level 1:colcon.colcon_core.environment:checking '/home/nav/workspace/cloisim/cloisim/ros2_native_ws/install/cloisim_ros2_native' for CMake module files
[8.711s] Level 1:colcon.colcon_core.environment:checking '/home/nav/workspace/cloisim/cloisim/ros2_native_ws/install/cloisim_ros2_native' for CMake config files
[8.711s] Level 1:colcon.colcon_core.shell:create_environment_hook('cloisim_ros2_native', 'cmake_prefix_path')
[8.711s] INFO:colcon.colcon_core.shell:Creating environment hook '/home/nav/workspace/cloisim/cloisim/ros2_native_ws/install/cloisim_ros2_native/share/cloisim_ros2_native/hook/cmake_prefix_path.ps1'
[8.712s] INFO:colcon.colcon_core.shell:Creating environment descriptor '/home/nav/workspace/cloisim/cloisim/ros2_native_ws/install/cloisim_ros2_native/share/cloisim_ros2_native/hook/cmake_prefix_path.dsv'
[8.712s] INFO:colcon.colcon_core.shell:Creating environment hook '/home/nav/workspace/cloisim/cloisim/ros2_native_ws/install/cloisim_ros2_native/share/cloisim_ros2_native/hook/cmake_prefix_path.sh'
[8.712s] Level 1:colcon.colcon_core.environment:checking '/home/nav/workspace/cloisim/cloisim/ros2_native_ws/install/cloisim_ros2_native/lib'
[8.712s] Level 1:colcon.colcon_core.shell:create_environment_hook('cloisim_ros2_native', 'ld_library_path_lib')
[8.713s] INFO:colcon.colcon_core.shell:Creating environment hook '/home/nav/workspace/cloisim/cloisim/ros2_native_ws/install/cloisim_ros2_native/share/cloisim_ros2_native/hook/ld_library_path_lib.ps1'
[8.713s] INFO:colcon.colcon_core.shell:Creating environment descriptor '/home/nav/workspace/cloisim/cloisim/ros2_native_ws/install/cloisim_ros2_native/share/cloisim_ros2_native/hook/ld_library_path_lib.dsv'
[8.714s] INFO:colcon.colcon_core.shell:Creating environment hook '/home/nav/workspace/cloisim/cloisim/ros2_native_ws/install/cloisim_ros2_native/share/cloisim_ros2_native/hook/ld_library_path_lib.sh'
[8.731s] Level 1:colcon.colcon_core.environment:checking '/home/nav/workspace/cloisim/cloisim/ros2_native_ws/install/cloisim_ros2_native/bin'
[8.731s] Level 1:colcon.colcon_core.environment:checking '/home/nav/workspace/cloisim/cloisim/ros2_native_ws/install/cloisim_ros2_native/lib/pkgconfig/cloisim_ros2_native.pc'
[8.732s] Level 1:colcon.colcon_core.environment:checking '/home/nav/workspace/cloisim/cloisim/ros2_native_ws/install/cloisim_ros2_native/lib/python3.12/site-packages'
[8.732s] Level 1:colcon.colcon_core.environment:checking '/home/nav/workspace/cloisim/cloisim/ros2_native_ws/install/cloisim_ros2_native/bin'
[8.732s] INFO:colcon.colcon_core.shell:Creating package script '/home/nav/workspace/cloisim/cloisim/ros2_native_ws/install/cloisim_ros2_native/share/cloisim_ros2_native/package.ps1'
[8.733s] INFO:colcon.colcon_core.shell:Creating package descriptor '/home/nav/workspace/cloisim/cloisim/ros2_native_ws/install/cloisim_ros2_native/share/cloisim_ros2_native/package.dsv'
[8.734s] INFO:colcon.colcon_core.shell:Creating package script '/home/nav/workspace/cloisim/cloisim/ros2_native_ws/install/cloisim_ros2_native/share/cloisim_ros2_native/package.sh'
[8.735s] INFO:colcon.colcon_core.shell:Creating package script '/home/nav/workspace/cloisim/cloisim/ros2_native_ws/install/cloisim_ros2_native/share/cloisim_ros2_native/package.bash'
[8.735s] INFO:colcon.colcon_core.shell:Creating package script '/home/nav/workspace/cloisim/cloisim/ros2_native_ws/install/cloisim_ros2_native/share/cloisim_ros2_native/package.zsh'
[8.735s] Level 1:colcon.colcon_core.environment:create_file_with_runtime_dependencies(/home/nav/workspace/cloisim/cloisim/ros2_native_ws/install/cloisim_ros2_native/share/colcon-core/packages/cloisim_ros2_native)
[8.736s] DEBUG:colcon.colcon_parallel_executor.executor.parallel:closing loop
[8.736s] DEBUG:colcon.colcon_parallel_executor.executor.parallel:loop closed
[8.736s] DEBUG:colcon.colcon_parallel_executor.executor.parallel:run_until_complete finished with '0'
[8.736s] DEBUG:colcon.colcon_core.event_reactor:joining thread
[8.742s] INFO:colcon.colcon_core.plugin_system:Skipping extension 'colcon_notification.desktop_notification.terminal_notifier': Not used on non-Darwin systems
[8.742s] INFO:colcon.colcon_core.plugin_system:Skipping extension 'colcon_notification.desktop_notification.win32': Not used on non-Windows systems
[8.742s] INFO:colcon.colcon_notification.desktop_notification:Sending desktop notification using 'notify2'
[8.760s] DEBUG:colcon.colcon_core.event_reactor:joined thread
[8.760s] INFO:colcon.colcon_core.shell:Creating prefix script '/home/nav/workspace/cloisim/cloisim/ros2_native_ws/install/local_setup.ps1'
[8.762s] INFO:colcon.colcon_core.shell:Creating prefix util module '/home/nav/workspace/cloisim/cloisim/ros2_native_ws/install/_local_setup_util_ps1.py'
[8.763s] INFO:colcon.colcon_core.shell:Creating prefix chain script '/home/nav/workspace/cloisim/cloisim/ros2_native_ws/install/setup.ps1'
[8.765s] INFO:colcon.colcon_core.shell:Creating prefix script '/home/nav/workspace/cloisim/cloisim/ros2_native_ws/install/local_setup.sh'
[8.765s] INFO:colcon.colcon_core.shell:Creating prefix util module '/home/nav/workspace/cloisim/cloisim/ros2_native_ws/install/_local_setup_util_sh.py'
[8.766s] INFO:colcon.colcon_core.shell:Creating prefix chain script '/home/nav/workspace/cloisim/cloisim/ros2_native_ws/install/setup.sh'
[8.768s] INFO:colcon.colcon_core.shell:Creating prefix script '/home/nav/workspace/cloisim/cloisim/ros2_native_ws/install/local_setup.bash'
[8.768s] INFO:colcon.colcon_core.shell:Creating prefix chain script '/home/nav/workspace/cloisim/cloisim/ros2_native_ws/install/setup.bash'
[8.770s] INFO:colcon.colcon_core.shell:Creating prefix script '/home/nav/workspace/cloisim/cloisim/ros2_native_ws/install/local_setup.zsh'
[8.771s] INFO:colcon.colcon_core.shell:Creating prefix chain script '/home/nav/workspace/cloisim/cloisim/ros2_native_ws/install/setup.zsh'
