[0.024s] Invoking command in '/home/nav/workspace/cloisim/cloisim/ros2_native_ws/build/cloisim_ros2_native': CMAKE_PREFIX_PATH=${CMAKE_PREFIX_PATH}:/opt/ros/jazzy DEBUGINFOD_URLS=https://debuginfod.ubuntu.com /usr/bin/cmake /home/nav/workspace/cloisim/cloisim/ros2_native_ws/src/ros2_native_plugin -DCMAKE_INSTALL_PREFIX=/home/nav/workspace/cloisim/cloisim/ros2_native_ws/install/cloisim_ros2_native
[0.075s] -- Found ament_cmake: 2.5.5 (/opt/ros/jazzy/share/ament_cmake/cmake)
[0.550s] -- Override CMake install command with custom implementation using symlinks instead of copying resources
[0.574s] -- Found rclcpp: 28.1.16 (/opt/ros/jazzy/share/rclcpp/cmake)
[0.629s] -- Found rosidl_generator_c: 4.6.7 (/opt/ros/jazzy/share/rosidl_generator_c/cmake)
[0.648s] -- Found rosidl_generator_cpp: 4.6.7 (/opt/ros/jazzy/share/rosidl_generator_cpp/cmake)
[0.668s] -- Using all available rosidl_typesupport_c: rosidl_typesupport_fastrtps_c;rosidl_typesupport_introspection_c
[0.692s] -- Using all available rosidl_typesupport_cpp: rosidl_typesupport_fastrtps_cpp;rosidl_typesupport_introspection_cpp
[0.808s] -- Found rmw_implementation_cmake: 7.3.3 (/opt/ros/jazzy/share/rmw_implementation_cmake/cmake)
[0.810s] -- Found rmw_cyclonedds_cpp: 2.2.3 (/opt/ros/jazzy/share/rmw_cyclonedds_cpp/cmake)
[0.855s] -- Using RMW implementation 'rmw_cyclonedds_cpp' as default
[0.956s] -- Found std_msgs: 5.3.6 (/opt/ros/jazzy/share/std_msgs/cmake)
[0.980s] -- Found sensor_msgs: 5.3.6 (/opt/ros/jazzy/share/sensor_msgs/cmake)
[1.305s] -- Configuring done (1.3s)
[1.333s] -- Generating done (0.0s)
[1.350s] -- Build files have been written to: /home/nav/workspace/cloisim/cloisim/ros2_native_ws/build/cloisim_ros2_native
[1.389s] Invoked command in '/home/nav/workspace/cloisim/cloisim/ros2_native_ws/build/cloisim_ros2_native' returned '0': CMAKE_PREFIX_PATH=${CMAKE_PREFIX_PATH}:/opt/ros/jazzy DEBUGINFOD_URLS=https://debuginfod.ubuntu.com /usr/bin/cmake /home/nav/workspace/cloisim/cloisim/ros2_native_ws/src/ros2_native_plugin -DCMAKE_INSTALL_PREFIX=/home/nav/workspace/cloisim/cloisim/ros2_native_ws/install/cloisim_ros2_native
[1.392s] Invoking command in '/home/nav/workspace/cloisim/cloisim/ros2_native_ws/build/cloisim_ros2_native': CMAKE_PREFIX_PATH=${CMAKE_PREFIX_PATH}:/opt/ros/jazzy DEBUGINFOD_URLS=https://debuginfod.ubuntu.com /usr/bin/cmake --build /home/nav/workspace/cloisim/cloisim/ros2_native_ws/build/cloisim_ros2_native -- -j16 -l16
[1.646s] [100%] Built target cloisim_ros2_native
[1.681s] Invoked command in '/home/nav/workspace/cloisim/cloisim/ros2_native_ws/build/cloisim_ros2_native' returned '0': CMAKE_PREFIX_PATH=${CMAKE_PREFIX_PATH}:/opt/ros/jazzy DEBUGINFOD_URLS=https://debuginfod.ubuntu.com /usr/bin/cmake --build /home/nav/workspace/cloisim/cloisim/ros2_native_ws/build/cloisim_ros2_native -- -j16 -l16
[1.709s] Invoking command in '/home/nav/workspace/cloisim/cloisim/ros2_native_ws/build/cloisim_ros2_native': CMAKE_PREFIX_PATH=${CMAKE_PREFIX_PATH}:/opt/ros/jazzy DEBUGINFOD_URLS=https://debuginfod.ubuntu.com /usr/bin/cmake --install /home/nav/workspace/cloisim/cloisim/ros2_native_ws/build/cloisim_ros2_native
[1.775s] -- Install configuration: ""
[1.775s] -- Execute custom install script
[1.777s] -- Up-to-date symlink: /home/nav/workspace/cloisim/cloisim/ros2_native_ws/install/cloisim_ros2_native/share/cloisim_ros2_native/environment/library_path.sh
[1.778s] -- Up-to-date symlink: /home/nav/workspace/cloisim/cloisim/ros2_native_ws/install/cloisim_ros2_native/share/cloisim_ros2_native/environment/library_path.dsv
[1.784s] -- Up-to-date symlink: /home/nav/workspace/cloisim/cloisim/ros2_native_ws/install/cloisim_ros2_native/lib/libcloisim_ros2_native.so
[1.785s] -- Up-to-date symlink: /home/nav/workspace/cloisim/cloisim/ros2_native_ws/install/cloisim_ros2_native/share/ament_index/resource_index/package_run_dependencies/cloisim_ros2_native
[1.786s] -- Up-to-date symlink: /home/nav/workspace/cloisim/cloisim/ros2_native_ws/install/cloisim_ros2_native/share/ament_index/resource_index/parent_prefix_path/cloisim_ros2_native
[1.787s] -- Up-to-date symlink: /home/nav/workspace/cloisim/cloisim/ros2_native_ws/install/cloisim_ros2_native/share/cloisim_ros2_native/environment/ament_prefix_path.sh
[1.788s] -- Up-to-date symlink: /home/nav/workspace/cloisim/cloisim/ros2_native_ws/install/cloisim_ros2_native/share/cloisim_ros2_native/environment/ament_prefix_path.dsv
[1.791s] -- Up-to-date symlink: /home/nav/workspace/cloisim/cloisim/ros2_native_ws/install/cloisim_ros2_native/share/cloisim_ros2_native/environment/path.sh
[1.792s] -- Up-to-date symlink: /home/nav/workspace/cloisim/cloisim/ros2_native_ws/install/cloisim_ros2_native/share/cloisim_ros2_native/environment/path.dsv
[1.799s] -- Up-to-date symlink: /home/nav/workspace/cloisim/cloisim/ros2_native_ws/install/cloisim_ros2_native/share/cloisim_ros2_native/local_setup.bash
[1.799s] -- Up-to-date symlink: /home/nav/workspace/cloisim/cloisim/ros2_native_ws/install/cloisim_ros2_native/share/cloisim_ros2_native/local_setup.sh
[1.800s] -- Up-to-date symlink: /home/nav/workspace/cloisim/cloisim/ros2_native_ws/install/cloisim_ros2_native/share/cloisim_ros2_native/local_setup.zsh
[1.800s] -- Up-to-date symlink: /home/nav/workspace/cloisim/cloisim/ros2_native_ws/install/cloisim_ros2_native/share/cloisim_ros2_native/local_setup.dsv
[1.800s] -- Symlinking: /home/nav/workspace/cloisim/cloisim/ros2_native_ws/install/cloisim_ros2_native/share/cloisim_ros2_native/package.dsv
[1.845s] -- Up-to-date symlink: /home/nav/workspace/cloisim/cloisim/ros2_native_ws/install/cloisim_ros2_native/share/ament_index/resource_index/packages/cloisim_ros2_native
[1.845s] -- Up-to-date symlink: /home/nav/workspace/cloisim/cloisim/ros2_native_ws/install/cloisim_ros2_native/share/cloisim_ros2_native/cmake/ament_cmake_export_libraries-extras.cmake
[1.845s] -- Up-to-date symlink: /home/nav/workspace/cloisim/cloisim/ros2_native_ws/install/cloisim_ros2_native/share/cloisim_ros2_native/cmake/ament_cmake_export_dependencies-extras.cmake
[1.846s] -- Up-to-date symlink: /home/nav/workspace/cloisim/cloisim/ros2_native_ws/install/cloisim_ros2_native/share/cloisim_ros2_native/cmake/cloisim_ros2_nativeConfig.cmake
[1.848s] -- Up-to-date symlink: /home/nav/workspace/cloisim/cloisim/ros2_native_ws/install/cloisim_ros2_native/share/cloisim_ros2_native/cmake/cloisim_ros2_nativeConfig-version.cmake
[1.849s] -- Up-to-date symlink: /home/nav/workspace/cloisim/cloisim/ros2_native_ws/install/cloisim_ros2_native/share/cloisim_ros2_native/package.xml
[1.860s] Invoked command in '/home/nav/workspace/cloisim/cloisim/ros2_native_ws/build/cloisim_ros2_native' returned '0': CMAKE_PREFIX_PATH=${CMAKE_PREFIX_PATH}:/opt/ros/jazzy DEBUGINFOD_URLS=https://debuginfod.ubuntu.com /usr/bin/cmake --install /home/nav/workspace/cloisim/cloisim/ros2_native_ws/build/cloisim_ros2_native
