[0.224s] DEBUG:colcon:Command line arguments: ['/usr/bin/colcon', 'build']
[0.225s] DEBUG:colcon:Parsed command line arguments: Namespace(log_base=None, log_level=None, verb_name='build', build_base='build', install_base='install', merge_install=False, symlink_install=False, test_result_base=None, continue_on_error=False, executor='parallel', parallel_workers=16, event_handlers=None, ignore_user_meta=False, metas=['./colcon.meta'], base_paths=['.'], packages_ignore=None, packages_ignore_regex=None, paths=None, packages_up_to=None, packages_up_to_regex=None, packages_above=None, packages_above_and_dependencies=None, packages_above_depth=None, packages_select_by_dep=None, packages_skip_by_dep=None, packages_skip_up_to=None, packages_select_build_failed=False, packages_skip_build_finished=False, packages_select_test_failures=False, packages_skip_test_passed=False, packages_select=None, packages_skip=None, packages_select_regex=None, packages_skip_regex=None, packages_start=None, packages_end=None, allow_overriding=[], cmake_args=None, cmake_target=None, cmake_target_skip_unavailable=False, cmake_clean_cache=False, cmake_clean_first=False, cmake_force_configure=False, ament_cmake_args=None, catkin_cmake_args=None, catkin_skip_building_tests=False, mixin_files=None, mixin=None, verb_parser=<colcon_mixin.mixin.mixin_argument.MixinArgumentDecorator object at 0x7eadd5e8e4b0>, verb_extension=<colcon_core.verb.build.BuildVerb object at 0x7eadd5fba990>, main=<bound method BuildVerb.main of <colcon_core.verb.build.BuildVerb object at 0x7eadd5fba990>>, mixin_verb=('build',))
[0.312s] Level 1:colcon.colcon_core.package_discovery:discover_packages(colcon_meta) check parameters
[0.313s] Level 1:colcon.colcon_core.package_discovery:discover_packages(recursive) check parameters
[0.313s] Level 1:colcon.colcon_core.package_discovery:discover_packages(ignore) check parameters
[0.313s] Level 1:colcon.colcon_core.package_discovery:discover_packages(path) check parameters
[0.314s] Level 1:colcon.colcon_core.package_discovery:discover_packages(colcon_meta) discover
[0.314s] Level 1:colcon.colcon_core.package_discovery:discover_packages(recursive) discover
[0.314s] INFO:colcon.colcon_core.package_discovery:Crawling recursively for packages in '/home/nav/workspace/cloisim/cloisim/ros2_native_ws'
[0.315s] Level 1:colcon.colcon_core.package_identification:_identify(.) by extensions ['ignore', 'ignore_ament_install']
[0.315s] Level 1:colcon.colcon_core.package_identification:_identify(.) by extension 'ignore'
[0.316s] Level 1:colcon.colcon_core.package_identification:_identify(.) by extension 'ignore_ament_install'
[0.316s] Level 1:colcon.colcon_core.package_identification:_identify(.) by extensions ['colcon_pkg']
[0.317s] Level 1:colcon.colcon_core.package_identification:_identify(.) by extension 'colcon_pkg'
[0.317s] Level 1:colcon.colcon_core.package_identification:_identify(.) by extensions ['colcon_meta']
[0.317s] Level 1:colcon.colcon_core.package_identification:_identify(.) by extension 'colcon_meta'
[0.318s] Level 1:colcon.colcon_core.package_identification:_identify(.) by extensions ['ros']
[0.318s] Level 1:colcon.colcon_core.package_identification:_identify(.) by extension 'ros'
[0.374s] Level 1:colcon.colcon_core.package_identification:_identify(.) by extensions ['cmake', 'python']
[0.374s] Level 1:colcon.colcon_core.package_identification:_identify(.) by extension 'cmake'
[0.375s] Level 1:colcon.colcon_core.package_identification:_identify(.) by extension 'python'
[0.375s] Level 1:colcon.colcon_core.package_identification:_identify(.) by extensions ['python_setup_py']
[0.375s] Level 1:colcon.colcon_core.package_identification:_identify(.) by extension 'python_setup_py'
[0.376s] Level 1:colcon.colcon_core.package_identification:_identify(build) by extensions ['ignore', 'ignore_ament_install']
[0.376s] Level 1:colcon.colcon_core.package_identification:_identify(build) by extension 'ignore'
[0.377s] Level 1:colcon.colcon_core.package_identification:_identify(build) ignored
[0.377s] Level 1:colcon.colcon_core.package_identification:_identify(install) by extensions ['ignore', 'ignore_ament_install']
[0.378s] Level 1:colcon.colcon_core.package_identification:_identify(install) by extension 'ignore'
[0.378s] Level 1:colcon.colcon_core.package_identification:_identify(install) ignored
[0.379s] Level 1:colcon.colcon_core.package_identification:_identify(log) by extensions ['ignore', 'ignore_ament_install']
[0.379s] Level 1:colcon.colcon_core.package_identification:_identify(log) by extension 'ignore'
[0.380s] Level 1:colcon.colcon_core.package_identification:_identify(log) ignored
[0.380s] Level 1:colcon.colcon_core.package_identification:_identify(src) by extensions ['ignore', 'ignore_ament_install']
[0.381s] Level 1:colcon.colcon_core.package_identification:_identify(src) by extension 'ignore'
[0.381s] Level 1:colcon.colcon_core.package_identification:_identify(src) by extension 'ignore_ament_install'
[0.381s] Level 1:colcon.colcon_core.package_identification:_identify(src) by extensions ['colcon_pkg']
[0.382s] Level 1:colcon.colcon_core.package_identification:_identify(src) by extension 'colcon_pkg'
[0.382s] Level 1:colcon.colcon_core.package_identification:_identify(src) by extensions ['colcon_meta']
[0.382s] Level 1:colcon.colcon_core.package_identification:_identify(src) by extension 'colcon_meta'
[0.383s] Level 1:colcon.colcon_core.package_identification:_identify(src) by extensions ['ros']
[0.383s] Level 1:colcon.colcon_core.package_identification:_identify(src) by extension 'ros'
[0.383s] Level 1:colcon.colcon_core.package_identification:_identify(src) by extensions ['cmake', 'python']
[0.383s] Level 1:colcon.colcon_core.package_identification:_identify(src) by extension 'cmake'
[0.383s] Level 1:colcon.colcon_core.package_identification:_identify(src) by extension 'python'
[0.383s] Level 1:colcon.colcon_core.package_identification:_identify(src) by extensions ['python_setup_py']
[0.383s] Level 1:colcon.colcon_core.package_identification:_identify(src) by extension 'python_setup_py'
[0.384s] Level 1:colcon.colcon_core.package_identification:_identify(src/ros2_native_plugin) by extensions ['ignore', 'ignore_ament_install']
[0.384s] Level 1:colcon.colcon_core.package_identification:_identify(src/ros2_native_plugin) by extension 'ignore'
[0.384s] Level 1:colcon.colcon_core.package_identification:_identify(src/ros2_native_plugin) by extension 'ignore_ament_install'
[0.385s] Level 1:colcon.colcon_core.package_identification:_identify(src/ros2_native_plugin) by extensions ['colcon_pkg']
[0.385s] Level 1:colcon.colcon_core.package_identification:_identify(src/ros2_native_plugin) by extension 'colcon_pkg'
[0.386s] Level 1:colcon.colcon_core.package_identification:_identify(src/ros2_native_plugin) by extensions ['colcon_meta']
[0.386s] Level 1:colcon.colcon_core.package_identification:_identify(src/ros2_native_plugin) by extension 'colcon_meta'
[0.386s] Level 1:colcon.colcon_core.package_identification:_identify(src/ros2_native_plugin) by extensions ['ros']
[0.386s] Level 1:colcon.colcon_core.package_identification:_identify(src/ros2_native_plugin) by extension 'ros'
[0.391s] DEBUG:colcon.colcon_core.package_identification:Package 'src/ros2_native_plugin' with type 'ros.ament_cmake' and name 'cloisim_ros2_native'
[0.392s] Level 1:colcon.colcon_core.package_discovery:discover_packages(recursive) using defaults
[0.392s] Level 1:colcon.colcon_core.package_discovery:discover_packages(ignore) discover
[0.393s] Level 1:colcon.colcon_core.package_discovery:discover_packages(ignore) using defaults
[0.393s] Level 1:colcon.colcon_core.package_discovery:discover_packages(path) discover
[0.393s] Level 1:colcon.colcon_core.package_discovery:discover_packages(path) using defaults
[0.452s] Level 1:colcon.colcon_core.package_discovery:discover_packages(prefix_path) check parameters
[0.453s] Level 1:colcon.colcon_core.package_discovery:discover_packages(prefix_path) discover
[0.463s] DEBUG:colcon.colcon_installed_package_information.package_discovery:Found 482 installed packages in /opt/ros/jazzy
[0.467s] Level 1:colcon.colcon_core.package_discovery:discover_packages(prefix_path) using defaults
[0.598s] Level 5:colcon.colcon_core.verb:set package 'cloisim_ros2_native' build argument 'cmake_args' from command line to 'None'
[0.598s] Level 5:colcon.colcon_core.verb:set package 'cloisim_ros2_native' build argument 'cmake_target' from command line to 'None'
[0.598s] Level 5:colcon.colcon_core.verb:set package 'cloisim_ros2_native' build argument 'cmake_target_skip_unavailable' from command line to 'False'
[0.599s] Level 5:colcon.colcon_core.verb:set package 'cloisim_ros2_native' build argument 'cmake_clean_cache' from command line to 'False'
[0.599s] Level 5:colcon.colcon_core.verb:set package 'cloisim_ros2_native' build argument 'cmake_clean_first' from command line to 'False'
[0.599s] Level 5:colcon.colcon_core.verb:set package 'cloisim_ros2_native' build argument 'cmake_force_configure' from command line to 'False'
[0.600s] Level 5:colcon.colcon_core.verb:set package 'cloisim_ros2_native' build argument 'ament_cmake_args' from command line to 'None'
[0.600s] Level 5:colcon.colcon_core.verb:set package 'cloisim_ros2_native' build argument 'catkin_cmake_args' from command line to 'None'
[0.600s] Level 5:colcon.colcon_core.verb:set package 'cloisim_ros2_native' build argument 'catkin_skip_building_tests' from command line to 'False'
[0.601s] DEBUG:colcon.colcon_core.verb:Building package 'cloisim_ros2_native' with the following arguments: {'ament_cmake_args': None, 'build_base': '/home/nav/workspace/cloisim/cloisim/ros2_native_ws/build/cloisim_ros2_native', 'catkin_cmake_args': None, 'catkin_skip_building_tests': False, 'cmake_args': None, 'cmake_clean_cache': False, 'cmake_clean_first': False, 'cmake_force_configure': False, 'cmake_target': None, 'cmake_target_skip_unavailable': False, 'install_base': '/home/nav/workspace/cloisim/cloisim/ros2_native_ws/install/cloisim_ros2_native', 'merge_install': False, 'path': '/home/nav/workspace/cloisim/cloisim/ros2_native_ws/src/ros2_native_plugin', 'symlink_install': False, 'test_result_base': None}
[0.601s] INFO:colcon.colcon_core.executor:Executing jobs using 'parallel' executor
[0.606s] DEBUG:colcon.colcon_parallel_executor.executor.parallel:run_until_complete
[0.607s] INFO:colcon.colcon_ros.task.ament_cmake.build:Building ROS package in '/home/nav/workspace/cloisim/cloisim/ros2_native_ws/src/ros2_native_plugin' with build type 'ament_cmake'
[0.608s] INFO:colcon.colcon_cmake.task.cmake.build:Building CMake package in '/home/nav/workspace/cloisim/cloisim/ros2_native_ws/src/ros2_native_plugin'
[0.612s] INFO:colcon.colcon_core.plugin_system:Skipping extension 'colcon_core.shell.bat': Not used on non-Windows systems
[0.616s] INFO:colcon.colcon_core.shell:Skip shell extension 'powershell' for command environment: Not usable outside of PowerShell
[0.617s] DEBUG:colcon.colcon_core.shell:Skip shell extension 'dsv' for command environment
[0.633s] DEBUG:colcon.colcon_core.event_handler.log_command:Invoking command in '/home/nav/workspace/cloisim/cloisim/ros2_native_ws/build/cloisim_ros2_native': CMAKE_PREFIX_PATH=${CMAKE_PREFIX_PATH}:/opt/ros/jazzy DEBUGINFOD_URLS=https://debuginfod.ubuntu.com /usr/bin/cmake /home/nav/workspace/cloisim/cloisim/ros2_native_ws/src/ros2_native_plugin -DCMAKE_INSTALL_PREFIX=/home/nav/workspace/cloisim/cloisim/ros2_native_ws/install/cloisim_ros2_native
[1.999s] DEBUG:colcon.colcon_core.event_handler.log_command:Invoked command in '/home/nav/workspace/cloisim/cloisim/ros2_native_ws/build/cloisim_ros2_native' returned '0': CMAKE_PREFIX_PATH=${CMAKE_PREFIX_PATH}:/opt/ros/jazzy DEBUGINFOD_URLS=https://debuginfod.ubuntu.com /usr/bin/cmake /home/nav/workspace/cloisim/cloisim/ros2_native_ws/src/ros2_native_plugin -DCMAKE_INSTALL_PREFIX=/home/nav/workspace/cloisim/cloisim/ros2_native_ws/install/cloisim_ros2_native
[2.002s] DEBUG:colcon.colcon_core.event_handler.log_command:Invoking command in '/home/nav/workspace/cloisim/cloisim/ros2_native_ws/build/cloisim_ros2_native': CMAKE_PREFIX_PATH=${CMAKE_PREFIX_PATH}:/opt/ros/jazzy DEBUGINFOD_URLS=https://debuginfod.ubuntu.com /usr/bin/cmake --build /home/nav/workspace/cloisim/cloisim/ros2_native_ws/build/cloisim_ros2_native -- -j16 -l16
[2.290s] DEBUG:colcon.colcon_core.event_handler.log_command:Invoked command in '/home/nav/workspace/cloisim/cloisim/ros2_native_ws/build/cloisim_ros2_native' returned '0': CMAKE_PREFIX_PATH=${CMAKE_PREFIX_PATH}:/opt/ros/jazzy DEBUGINFOD_URLS=https://debuginfod.ubuntu.com /usr/bin/cmake --build /home/nav/workspace/cloisim/cloisim/ros2_native_ws/build/cloisim_ros2_native -- -j16 -l16
[2.318s] DEBUG:colcon.colcon_core.event_handler.log_command:Invoking command in '/home/nav/workspace/cloisim/cloisim/ros2_native_ws/build/cloisim_ros2_native': CMAKE_PREFIX_PATH=${CMAKE_PREFIX_PATH}:/opt/ros/jazzy DEBUGINFOD_URLS=https://debuginfod.ubuntu.com /usr/bin/cmake --install /home/nav/workspace/cloisim/cloisim/ros2_native_ws/build/cloisim_ros2_native
[2.468s] Level 1:colcon.colcon_core.environment:create_environment_scripts_only(cloisim_ros2_native)
[2.469s] DEBUG:colcon.colcon_core.event_handler.log_command:Invoked command in '/home/nav/workspace/cloisim/cloisim/ros2_native_ws/build/cloisim_ros2_native' returned '0': CMAKE_PREFIX_PATH=${CMAKE_PREFIX_PATH}:/opt/ros/jazzy DEBUGINFOD_URLS=https://debuginfod.ubuntu.com /usr/bin/cmake --install /home/nav/workspace/cloisim/cloisim/ros2_native_ws/build/cloisim_ros2_native
[2.484s] Level 1:colcon.colcon_core.environment:checking '/home/nav/workspace/cloisim/cloisim/ros2_native_ws/install/cloisim_ros2_native' for CMake module files
[2.488s] Level 1:colcon.colcon_core.environment:checking '/home/nav/workspace/cloisim/cloisim/ros2_native_ws/install/cloisim_ros2_native' for CMake config files
[2.490s] Level 1:colcon.colcon_core.shell:create_environment_hook('cloisim_ros2_native', 'cmake_prefix_path')
[2.491s] INFO:colcon.colcon_core.shell:Creating environment hook '/home/nav/workspace/cloisim/cloisim/ros2_native_ws/install/cloisim_ros2_native/share/cloisim_ros2_native/hook/cmake_prefix_path.ps1'
[2.495s] INFO:colcon.colcon_core.shell:Creating environment descriptor '/home/nav/workspace/cloisim/cloisim/ros2_native_ws/install/cloisim_ros2_native/share/cloisim_ros2_native/hook/cmake_prefix_path.dsv'
[2.496s] INFO:colcon.colcon_core.shell:Creating environment hook '/home/nav/workspace/cloisim/cloisim/ros2_native_ws/install/cloisim_ros2_native/share/cloisim_ros2_native/hook/cmake_prefix_path.sh'
[2.499s] Level 1:colcon.colcon_core.environment:checking '/home/nav/workspace/cloisim/cloisim/ros2_native_ws/install/cloisim_ros2_native/lib'
[2.500s] Level 1:colcon.colcon_core.shell:create_environment_hook('cloisim_ros2_native', 'ld_library_path_lib')
[2.500s] INFO:colcon.colcon_core.shell:Creating environment hook '/home/nav/workspace/cloisim/cloisim/ros2_native_ws/install/cloisim_ros2_native/share/cloisim_ros2_native/hook/ld_library_path_lib.ps1'
[2.502s] INFO:colcon.colcon_core.shell:Creating environment descriptor '/home/nav/workspace/cloisim/cloisim/ros2_native_ws/install/cloisim_ros2_native/share/cloisim_ros2_native/hook/ld_library_path_lib.dsv'
[2.507s] INFO:colcon.colcon_core.shell:Creating environment hook '/home/nav/workspace/cloisim/cloisim/ros2_native_ws/install/cloisim_ros2_native/share/cloisim_ros2_native/hook/ld_library_path_lib.sh'
[2.510s] Level 1:colcon.colcon_core.environment:checking '/home/nav/workspace/cloisim/cloisim/ros2_native_ws/install/cloisim_ros2_native/bin'
[2.511s] Level 1:colcon.colcon_core.environment:checking '/home/nav/workspace/cloisim/cloisim/ros2_native_ws/install/cloisim_ros2_native/lib/pkgconfig/cloisim_ros2_native.pc'
[2.511s] Level 1:colcon.colcon_core.environment:checking '/home/nav/workspace/cloisim/cloisim/ros2_native_ws/install/cloisim_ros2_native/lib/python3.12/site-packages'
[2.512s] Level 1:colcon.colcon_core.environment:checking '/home/nav/workspace/cloisim/cloisim/ros2_native_ws/install/cloisim_ros2_native/bin'
[2.512s] INFO:colcon.colcon_core.shell:Creating package script '/home/nav/workspace/cloisim/cloisim/ros2_native_ws/install/cloisim_ros2_native/share/cloisim_ros2_native/package.ps1'
[2.515s] INFO:colcon.colcon_core.shell:Creating package descriptor '/home/nav/workspace/cloisim/cloisim/ros2_native_ws/install/cloisim_ros2_native/share/cloisim_ros2_native/package.dsv'
[2.517s] INFO:colcon.colcon_core.shell:Creating package script '/home/nav/workspace/cloisim/cloisim/ros2_native_ws/install/cloisim_ros2_native/share/cloisim_ros2_native/package.sh'
[2.519s] INFO:colcon.colcon_core.shell:Creating package script '/home/nav/workspace/cloisim/cloisim/ros2_native_ws/install/cloisim_ros2_native/share/cloisim_ros2_native/package.bash'
[2.521s] INFO:colcon.colcon_core.shell:Creating package script '/home/nav/workspace/cloisim/cloisim/ros2_native_ws/install/cloisim_ros2_native/share/cloisim_ros2_native/package.zsh'
[2.523s] Level 1:colcon.colcon_core.environment:create_file_with_runtime_dependencies(/home/nav/workspace/cloisim/cloisim/ros2_native_ws/install/cloisim_ros2_native/share/colcon-core/packages/cloisim_ros2_native)
[2.530s] Level 1:colcon.colcon_core.environment:create_environment_scripts_only(cloisim_ros2_native)
[2.535s] Level 1:colcon.colcon_core.environment:checking '/home/nav/workspace/cloisim/cloisim/ros2_native_ws/install/cloisim_ros2_native' for CMake module files
[2.538s] Level 1:colcon.colcon_core.environment:checking '/home/nav/workspace/cloisim/cloisim/ros2_native_ws/install/cloisim_ros2_native' for CMake config files
[2.540s] Level 1:colcon.colcon_core.shell:create_environment_hook('cloisim_ros2_native', 'cmake_prefix_path')
[2.541s] INFO:colcon.colcon_core.shell:Creating environment hook '/home/nav/workspace/cloisim/cloisim/ros2_native_ws/install/cloisim_ros2_native/share/cloisim_ros2_native/hook/cmake_prefix_path.ps1'
[2.542s] INFO:colcon.colcon_core.shell:Creating environment descriptor '/home/nav/workspace/cloisim/cloisim/ros2_native_ws/install/cloisim_ros2_native/share/cloisim_ros2_native/hook/cmake_prefix_path.dsv'
[2.543s] INFO:colcon.colcon_core.shell:Creating environment hook '/home/nav/workspace/cloisim/cloisim/ros2_native_ws/install/cloisim_ros2_native/share/cloisim_ros2_native/hook/cmake_prefix_path.sh'
[2.545s] Level 1:colcon.colcon_core.environment:checking '/home/nav/workspace/cloisim/cloisim/ros2_native_ws/install/cloisim_ros2_native/lib'
[2.546s] Level 1:colcon.colcon_core.shell:create_environment_hook('cloisim_ros2_native', 'ld_library_path_lib')
[2.547s] INFO:colcon.colcon_core.shell:Creating environment hook '/home/nav/workspace/cloisim/cloisim/ros2_native_ws/install/cloisim_ros2_native/share/cloisim_ros2_native/hook/ld_library_path_lib.ps1'
[2.548s] INFO:colcon.colcon_core.shell:Creating environment descriptor '/home/nav/workspace/cloisim/cloisim/ros2_native_ws/install/cloisim_ros2_native/share/cloisim_ros2_native/hook/ld_library_path_lib.dsv'
[2.550s] INFO:colcon.colcon_core.shell:Creating environment hook '/home/nav/workspace/cloisim/cloisim/ros2_native_ws/install/cloisim_ros2_native/share/cloisim_ros2_native/hook/ld_library_path_lib.sh'
[2.553s] Level 1:colcon.colcon_core.environment:checking '/home/nav/workspace/cloisim/cloisim/ros2_native_ws/install/cloisim_ros2_native/bin'
[2.554s] Level 1:colcon.colcon_core.environment:checking '/home/nav/workspace/cloisim/cloisim/ros2_native_ws/install/cloisim_ros2_native/lib/pkgconfig/cloisim_ros2_native.pc'
[2.555s] Level 1:colcon.colcon_core.environment:checking '/home/nav/workspace/cloisim/cloisim/ros2_native_ws/install/cloisim_ros2_native/lib/python3.12/site-packages'
[2.556s] Level 1:colcon.colcon_core.environment:checking '/home/nav/workspace/cloisim/cloisim/ros2_native_ws/install/cloisim_ros2_native/bin'
[2.557s] INFO:colcon.colcon_core.shell:Creating package script '/home/nav/workspace/cloisim/cloisim/ros2_native_ws/install/cloisim_ros2_native/share/cloisim_ros2_native/package.ps1'
[2.597s] INFO:colcon.colcon_core.shell:Creating package descriptor '/home/nav/workspace/cloisim/cloisim/ros2_native_ws/install/cloisim_ros2_native/share/cloisim_ros2_native/package.dsv'
[2.599s] INFO:colcon.colcon_core.shell:Creating package script '/home/nav/workspace/cloisim/cloisim/ros2_native_ws/install/cloisim_ros2_native/share/cloisim_ros2_native/package.sh'
[2.601s] INFO:colcon.colcon_core.shell:Creating package script '/home/nav/workspace/cloisim/cloisim/ros2_native_ws/install/cloisim_ros2_native/share/cloisim_ros2_native/package.bash'
[2.603s] INFO:colcon.colcon_core.shell:Creating package script '/home/nav/workspace/cloisim/cloisim/ros2_native_ws/install/cloisim_ros2_native/share/cloisim_ros2_native/package.zsh'
[2.604s] Level 1:colcon.colcon_core.environment:create_file_with_runtime_dependencies(/home/nav/workspace/cloisim/cloisim/ros2_native_ws/install/cloisim_ros2_native/share/colcon-core/packages/cloisim_ros2_native)
[2.606s] DEBUG:colcon.colcon_parallel_executor.executor.parallel:closing loop
[2.608s] DEBUG:colcon.colcon_parallel_executor.executor.parallel:loop closed
[2.609s] DEBUG:colcon.colcon_parallel_executor.executor.parallel:run_until_complete finished with '0'
[2.610s] DEBUG:colcon.colcon_core.event_reactor:joining thread
[2.624s] INFO:colcon.colcon_core.plugin_system:Skipping extension 'colcon_notification.desktop_notification.terminal_notifier': Not used on non-Darwin systems
[2.625s] INFO:colcon.colcon_core.plugin_system:Skipping extension 'colcon_notification.desktop_notification.win32': Not used on non-Windows systems
[2.626s] INFO:colcon.colcon_notification.desktop_notification:Sending desktop notification using 'notify2'
[2.657s] DEBUG:colcon.colcon_core.event_reactor:joined thread
[2.658s] INFO:colcon.colcon_core.shell:Creating prefix script '/home/nav/workspace/cloisim/cloisim/ros2_native_ws/install/local_setup.ps1'
[2.660s] INFO:colcon.colcon_core.shell:Creating prefix util module '/home/nav/workspace/cloisim/cloisim/ros2_native_ws/install/_local_setup_util_ps1.py'
[2.664s] INFO:colcon.colcon_core.shell:Creating prefix chain script '/home/nav/workspace/cloisim/cloisim/ros2_native_ws/install/setup.ps1'
[2.667s] INFO:colcon.colcon_core.shell:Creating prefix script '/home/nav/workspace/cloisim/cloisim/ros2_native_ws/install/local_setup.sh'
[2.669s] INFO:colcon.colcon_core.shell:Creating prefix util module '/home/nav/workspace/cloisim/cloisim/ros2_native_ws/install/_local_setup_util_sh.py'
[2.672s] INFO:colcon.colcon_core.shell:Creating prefix chain script '/home/nav/workspace/cloisim/cloisim/ros2_native_ws/install/setup.sh'
[2.676s] INFO:colcon.colcon_core.shell:Creating prefix script '/home/nav/workspace/cloisim/cloisim/ros2_native_ws/install/local_setup.bash'
[2.679s] INFO:colcon.colcon_core.shell:Creating prefix chain script '/home/nav/workspace/cloisim/cloisim/ros2_native_ws/install/setup.bash'
[2.683s] INFO:colcon.colcon_core.shell:Creating prefix script '/home/nav/workspace/cloisim/cloisim/ros2_native_ws/install/local_setup.zsh'
[2.686s] INFO:colcon.colcon_core.shell:Creating prefix chain script '/home/nav/workspace/cloisim/cloisim/ros2_native_ws/install/setup.zsh'
