[0.012s] Invoking command in '/home/nav/workspace/cloisim/cloisim/ros2_native_ws/build/cloisim_ros2_native': CMAKE_PREFIX_PATH=${CMAKE_PREFIX_PATH}:/opt/ros/jazzy DEBUGINFOD_URLS=https://debuginfod.ubuntu.com /usr/bin/cmake --build /home/nav/workspace/cloisim/cloisim/ros2_native_ws/build/cloisim_ros2_native -- -j16 -l16
[0.100s] [ 50%] [32mBuilding CXX object CMakeFiles/cloisim_ros2_native.dir/src/cloisim_ros2.cpp.o[0m
[7.905s] [100%] [32m[1mLinking CXX shared library libcloisim_ros2_native.so[0m
[8.224s] [100%] Built target cloisim_ros2_native
[8.240s] Invoked command in '/home/nav/workspace/cloisim/cloisim/ros2_native_ws/build/cloisim_ros2_native' returned '0': CMAKE_PREFIX_PATH=${CMAKE_PREFIX_PATH}:/opt/ros/jazzy DEBUGINFOD_URLS=https://debuginfod.ubuntu.com /usr/bin/cmake --build /home/nav/workspace/cloisim/cloisim/ros2_native_ws/build/cloisim_ros2_native -- -j16 -l16
[8.253s] Invoking command in '/home/nav/workspace/cloisim/cloisim/ros2_native_ws/build/cloisim_ros2_native': CMAKE_PREFIX_PATH=${CMAKE_PREFIX_PATH}:/opt/ros/jazzy DEBUGINFOD_URLS=https://debuginfod.ubuntu.com /usr/bin/cmake --install /home/nav/workspace/cloisim/cloisim/ros2_native_ws/build/cloisim_ros2_native
[8.265s] -- Install configuration: ""
[8.265s] -- Execute custom install script
[8.265s] -- Up-to-date symlink: /home/nav/workspace/cloisim/cloisim/ros2_native_ws/install/cloisim_ros2_native/share/cloisim_ros2_native/environment/library_path.sh
[8.265s] -- Up-to-date symlink: /home/nav/workspace/cloisim/cloisim/ros2_native_ws/install/cloisim_ros2_native/share/cloisim_ros2_native/environment/library_path.dsv
[8.266s] -- Up-to-date symlink: /home/nav/workspace/cloisim/cloisim/ros2_native_ws/install/cloisim_ros2_native/lib/libcloisim_ros2_native.so
[8.266s] -- Up-to-date symlink: /home/nav/workspace/cloisim/cloisim/ros2_native_ws/install/cloisim_ros2_native/share/ament_index/resource_index/package_run_dependencies/cloisim_ros2_native
[8.266s] -- Up-to-date symlink: /home/nav/workspace/cloisim/cloisim/ros2_native_ws/install/cloisim_ros2_native/share/ament_index/resource_index/parent_prefix_path/cloisim_ros2_native
[8.266s] -- Up-to-date symlink: /home/nav/workspace/cloisim/cloisim/ros2_native_ws/install/cloisim_ros2_native/share/cloisim_ros2_native/environment/ament_prefix_path.sh
[8.266s] -- Up-to-date symlink: /home/nav/workspace/cloisim/cloisim/ros2_native_ws/install/cloisim_ros2_native/share/cloisim_ros2_native/environment/ament_prefix_path.dsv
[8.267s] -- Up-to-date symlink: /home/nav/workspace/cloisim/cloisim/ros2_native_ws/install/cloisim_ros2_native/share/cloisim_ros2_native/environment/path.sh
[8.267s] -- Up-to-date symlink: /home/nav/workspace/cloisim/cloisim/ros2_native_ws/install/cloisim_ros2_native/share/cloisim_ros2_native/environment/path.dsv
[8.267s] -- Up-to-date symlink: /home/nav/workspace/cloisim/cloisim/ros2_native_ws/install/cloisim_ros2_native/share/cloisim_ros2_native/local_setup.bash
[8.267s] -- Up-to-date symlink: /home/nav/workspace/cloisim/cloisim/ros2_native_ws/install/cloisim_ros2_native/share/cloisim_ros2_native/local_setup.sh
[8.267s] -- Up-to-date symlink: /home/nav/workspace/cloisim/cloisim/ros2_native_ws/install/cloisim_ros2_native/share/cloisim_ros2_native/local_setup.zsh
[8.267s] -- Up-to-date symlink: /home/nav/workspace/cloisim/cloisim/ros2_native_ws/install/cloisim_ros2_native/share/cloisim_ros2_native/local_setup.dsv
[8.267s] -- Symlinking: /home/nav/workspace/cloisim/cloisim/ros2_native_ws/install/cloisim_ros2_native/share/cloisim_ros2_native/package.dsv
[8.281s] -- Up-to-date symlink: /home/nav/workspace/cloisim/cloisim/ros2_native_ws/install/cloisim_ros2_native/share/ament_index/resource_index/packages/cloisim_ros2_native
[8.281s] -- Up-to-date symlink: /home/nav/workspace/cloisim/cloisim/ros2_native_ws/install/cloisim_ros2_native/share/cloisim_ros2_native/cmake/ament_cmake_export_libraries-extras.cmake
[8.281s] -- Up-to-date symlink: /home/nav/workspace/cloisim/cloisim/ros2_native_ws/install/cloisim_ros2_native/share/cloisim_ros2_native/cmake/ament_cmake_export_dependencies-extras.cmake
[8.281s] -- Up-to-date symlink: /home/nav/workspace/cloisim/cloisim/ros2_native_ws/install/cloisim_ros2_native/share/cloisim_ros2_native/cmake/cloisim_ros2_nativeConfig.cmake
[8.281s] -- Up-to-date symlink: /home/nav/workspace/cloisim/cloisim/ros2_native_ws/install/cloisim_ros2_native/share/cloisim_ros2_native/cmake/cloisim_ros2_nativeConfig-version.cmake
[8.281s] -- Up-to-date symlink: /home/nav/workspace/cloisim/cloisim/ros2_native_ws/install/cloisim_ros2_native/share/cloisim_ros2_native/package.xml
[8.284s] Invoked command in '/home/nav/workspace/cloisim/cloisim/ros2_native_ws/build/cloisim_ros2_native' returned '0': CMAKE_PREFIX_PATH=${CMAKE_PREFIX_PATH}:/opt/ros/jazzy DEBUGINFOD_URLS=https://debuginfod.ubuntu.com /usr/bin/cmake --install /home/nav/workspace/cloisim/cloisim/ros2_native_ws/build/cloisim_ros2_native
